ARM GAS  /var/folders/r0/ydptfcq11zg26w5yg1gx1gdc0000gn/T//ccIdRqQb.s 			page 1


   1              		.cpu cortex-m4
   2              		.arch armv7e-m
   3              		.fpu fpv4-sp-d16
   4              		.eabi_attribute 27, 1
   5              		.eabi_attribute 28, 1
   6              		.eabi_attribute 20, 1
   7              		.eabi_attribute 21, 1
   8              		.eabi_attribute 23, 3
   9              		.eabi_attribute 24, 1
  10              		.eabi_attribute 25, 1
  11              		.eabi_attribute 26, 1
  12              		.eabi_attribute 30, 1
  13              		.eabi_attribute 34, 1
  14              		.eabi_attribute 18, 4
  15              		.file	"app_freertos.c"
  16              		.text
  17              	.Ltext0:
  18              		.cfi_sections	.debug_frame
  19              		.section	.rodata.StartDefaultTask.str1.4,"aMS",%progbits,1
  20              		.align	2
  21              	.LC0:
  22 0000 53746172 		.ascii	"Starting Program!\000"
  22      74696E67 
  22      2050726F 
  22      6772616D 
  22      2100
  23              		.section	.text.StartDefaultTask,"ax",%progbits
  24              		.align	1
  25              		.global	StartDefaultTask
  26              		.syntax unified
  27              		.thumb
  28              		.thumb_func
  30              	StartDefaultTask:
  31              	.LVL0:
  32              	.LFB1110:
  33              		.file 1 "Core/Src/app_freertos.c"
   1:Core/Src/app_freertos.c **** /* USER CODE BEGIN Header */
   2:Core/Src/app_freertos.c **** /**
   3:Core/Src/app_freertos.c ****   ******************************************************************************
   4:Core/Src/app_freertos.c ****   * File Name          : app_freertos.c
   5:Core/Src/app_freertos.c ****   * Description        : Code for freertos applications
   6:Core/Src/app_freertos.c ****   ******************************************************************************
   7:Core/Src/app_freertos.c ****   * @attention
   8:Core/Src/app_freertos.c ****   *
   9:Core/Src/app_freertos.c ****   * Copyright (c) 2022 STMicroelectronics.
  10:Core/Src/app_freertos.c ****   * All rights reserved.
  11:Core/Src/app_freertos.c ****   *
  12:Core/Src/app_freertos.c ****   * This software is licensed under terms that can be found in the LICENSE file
  13:Core/Src/app_freertos.c ****   * in the root directory of this software component.
  14:Core/Src/app_freertos.c ****   * If no LICENSE file comes with this software, it is provided AS-IS.
  15:Core/Src/app_freertos.c ****   *
  16:Core/Src/app_freertos.c ****   ******************************************************************************
  17:Core/Src/app_freertos.c ****   */
  18:Core/Src/app_freertos.c **** /* USER CODE END Header */
  19:Core/Src/app_freertos.c **** 
  20:Core/Src/app_freertos.c **** /* Includes ------------------------------------------------------------------*/
  21:Core/Src/app_freertos.c **** #include "FreeRTOS.h"
ARM GAS  /var/folders/r0/ydptfcq11zg26w5yg1gx1gdc0000gn/T//ccIdRqQb.s 			page 2


  22:Core/Src/app_freertos.c **** #include "task.h"
  23:Core/Src/app_freertos.c **** #include "main.h"
  24:Core/Src/app_freertos.c **** #include "cmsis_os.h"
  25:Core/Src/app_freertos.c **** 
  26:Core/Src/app_freertos.c **** /* Private includes ----------------------------------------------------------*/
  27:Core/Src/app_freertos.c **** /* USER CODE BEGIN Includes */
  28:Core/Src/app_freertos.c **** #include "lcd16x2.h"
  29:Core/Src/app_freertos.c **** #include "tim.h"
  30:Core/Src/app_freertos.c **** #include "adc.h"
  31:Core/Src/app_freertos.c **** #include "DHT.h"
  32:Core/Src/app_freertos.c **** #include "DC_MOTOR.h"
  33:Core/Src/app_freertos.c **** #define DC_MOTOR1 0
  34:Core/Src/app_freertos.c **** /* USER CODE END Includes */
  35:Core/Src/app_freertos.c **** 
  36:Core/Src/app_freertos.c **** /* Private typedef -----------------------------------------------------------*/
  37:Core/Src/app_freertos.c **** /* USER CODE BEGIN PTD */
  38:Core/Src/app_freertos.c **** 
  39:Core/Src/app_freertos.c **** /* USER CODE END PTD */
  40:Core/Src/app_freertos.c **** 
  41:Core/Src/app_freertos.c **** /* Private define ------------------------------------------------------------*/
  42:Core/Src/app_freertos.c **** /* USER CODE BEGIN PD */
  43:Core/Src/app_freertos.c **** 
  44:Core/Src/app_freertos.c **** /* USER CODE END PD */
  45:Core/Src/app_freertos.c **** 
  46:Core/Src/app_freertos.c **** /* Private macro -------------------------------------------------------------*/
  47:Core/Src/app_freertos.c **** /* USER CODE BEGIN PM */
  48:Core/Src/app_freertos.c **** 
  49:Core/Src/app_freertos.c **** /* USER CODE END PM */
  50:Core/Src/app_freertos.c **** 
  51:Core/Src/app_freertos.c **** /* Private variables ---------------------------------------------------------*/
  52:Core/Src/app_freertos.c **** /* USER CODE BEGIN Variables */
  53:Core/Src/app_freertos.c **** 
  54:Core/Src/app_freertos.c **** /* USER CODE END Variables */
  55:Core/Src/app_freertos.c **** /* Definitions for defaultTask */
  56:Core/Src/app_freertos.c **** osThreadId_t defaultTaskHandle;
  57:Core/Src/app_freertos.c **** const osThreadAttr_t defaultTask_attributes = {
  58:Core/Src/app_freertos.c ****   .name = "defaultTask",
  59:Core/Src/app_freertos.c ****   .priority = (osPriority_t) osPriorityNormal,
  60:Core/Src/app_freertos.c ****   .stack_size = 128 * 4
  61:Core/Src/app_freertos.c **** };
  62:Core/Src/app_freertos.c **** /* Definitions for tempCheck */
  63:Core/Src/app_freertos.c **** osTimerId_t tempCheckHandle;
  64:Core/Src/app_freertos.c **** const osTimerAttr_t tempCheck_attributes = {
  65:Core/Src/app_freertos.c ****   .name = "tempCheck"
  66:Core/Src/app_freertos.c **** };
  67:Core/Src/app_freertos.c **** /* Definitions for checkADC */
  68:Core/Src/app_freertos.c **** osTimerId_t checkADCHandle;
  69:Core/Src/app_freertos.c **** const osTimerAttr_t checkADC_attributes = {
  70:Core/Src/app_freertos.c ****   .name = "checkADC"
  71:Core/Src/app_freertos.c **** };
  72:Core/Src/app_freertos.c **** 
  73:Core/Src/app_freertos.c **** /* Private function prototypes -----------------------------------------------*/
  74:Core/Src/app_freertos.c **** /* USER CODE BEGIN FunctionPrototypes */
  75:Core/Src/app_freertos.c **** 
  76:Core/Src/app_freertos.c **** void Display_Temp(float Temp, float Rh){
  77:Core/Src/app_freertos.c ****   lcd16x2_clear();
  78:Core/Src/app_freertos.c ****   lcd16x2_1stLine();
ARM GAS  /var/folders/r0/ydptfcq11zg26w5yg1gx1gdc0000gn/T//ccIdRqQb.s 			page 3


  79:Core/Src/app_freertos.c ****   lcd16x2_printf("Temp: %dC RH: %d", (int)Temp, (int)Rh);
  80:Core/Src/app_freertos.c **** }
  81:Core/Src/app_freertos.c **** 
  82:Core/Src/app_freertos.c **** DHT_DataTypedef DHT11_Data;
  83:Core/Src/app_freertos.c **** float Temperature = 0;
  84:Core/Src/app_freertos.c **** float Humidity = 0;
  85:Core/Src/app_freertos.c **** 
  86:Core/Src/app_freertos.c **** /* USER CODE END FunctionPrototypes */
  87:Core/Src/app_freertos.c **** 
  88:Core/Src/app_freertos.c **** void StartDefaultTask(void *argument);
  89:Core/Src/app_freertos.c **** void tempCheckCallBack(void *argument);
  90:Core/Src/app_freertos.c **** void checkADCCallBack(void *argument);
  91:Core/Src/app_freertos.c **** 
  92:Core/Src/app_freertos.c **** void MX_FREERTOS_Init(void); /* (MISRA C 2004 rule 8.1) */
  93:Core/Src/app_freertos.c **** 
  94:Core/Src/app_freertos.c **** /**
  95:Core/Src/app_freertos.c ****   * @brief  FreeRTOS initialization
  96:Core/Src/app_freertos.c ****   * @param  None
  97:Core/Src/app_freertos.c ****   * @retval None
  98:Core/Src/app_freertos.c ****   */
  99:Core/Src/app_freertos.c **** void MX_FREERTOS_Init(void) {
 100:Core/Src/app_freertos.c ****   /* USER CODE BEGIN Init */
 101:Core/Src/app_freertos.c **** 
 102:Core/Src/app_freertos.c ****   /* USER CODE END Init */
 103:Core/Src/app_freertos.c **** 
 104:Core/Src/app_freertos.c ****   /* USER CODE BEGIN RTOS_MUTEX */
 105:Core/Src/app_freertos.c ****   /* add mutexes, ... */
 106:Core/Src/app_freertos.c ****   /* USER CODE END RTOS_MUTEX */
 107:Core/Src/app_freertos.c **** 
 108:Core/Src/app_freertos.c ****   /* USER CODE BEGIN RTOS_SEMAPHORES */
 109:Core/Src/app_freertos.c ****   /* add semaphores, ... */
 110:Core/Src/app_freertos.c ****   /* USER CODE END RTOS_SEMAPHORES */
 111:Core/Src/app_freertos.c **** 
 112:Core/Src/app_freertos.c ****   /* Create the timer(s) */
 113:Core/Src/app_freertos.c ****   /* creation of tempCheck */
 114:Core/Src/app_freertos.c ****   tempCheckHandle = osTimerNew(tempCheckCallBack, osTimerPeriodic, NULL, &tempCheck_attributes);
 115:Core/Src/app_freertos.c **** 
 116:Core/Src/app_freertos.c ****   /* creation of checkADC */
 117:Core/Src/app_freertos.c ****   checkADCHandle = osTimerNew(checkADCCallBack, osTimerPeriodic, NULL, &checkADC_attributes);
 118:Core/Src/app_freertos.c **** 
 119:Core/Src/app_freertos.c ****   /* USER CODE BEGIN RTOS_TIMERS */
 120:Core/Src/app_freertos.c ****   /* start timers, add new ones, ... */
 121:Core/Src/app_freertos.c ****   /* USER CODE END RTOS_TIMERS */
 122:Core/Src/app_freertos.c **** 
 123:Core/Src/app_freertos.c ****   /* USER CODE BEGIN RTOS_QUEUES */
 124:Core/Src/app_freertos.c ****   /* add queues, ... */
 125:Core/Src/app_freertos.c ****   /* USER CODE END RTOS_QUEUES */
 126:Core/Src/app_freertos.c **** 
 127:Core/Src/app_freertos.c ****   /* Create the thread(s) */
 128:Core/Src/app_freertos.c ****   /* creation of defaultTask */
 129:Core/Src/app_freertos.c ****   defaultTaskHandle = osThreadNew(StartDefaultTask, NULL, &defaultTask_attributes);
 130:Core/Src/app_freertos.c **** 
 131:Core/Src/app_freertos.c ****   /* USER CODE BEGIN RTOS_THREADS */
 132:Core/Src/app_freertos.c ****   /* add threads, ... */
 133:Core/Src/app_freertos.c ****   /* USER CODE END RTOS_THREADS */
 134:Core/Src/app_freertos.c **** 
 135:Core/Src/app_freertos.c ****   /* USER CODE BEGIN RTOS_EVENTS */
ARM GAS  /var/folders/r0/ydptfcq11zg26w5yg1gx1gdc0000gn/T//ccIdRqQb.s 			page 4


 136:Core/Src/app_freertos.c ****   /* add events, ... */
 137:Core/Src/app_freertos.c ****   /* USER CODE END RTOS_EVENTS */
 138:Core/Src/app_freertos.c **** 
 139:Core/Src/app_freertos.c **** }
 140:Core/Src/app_freertos.c **** 
 141:Core/Src/app_freertos.c **** /* USER CODE BEGIN Header_StartDefaultTask */
 142:Core/Src/app_freertos.c **** /**
 143:Core/Src/app_freertos.c ****   * @brief  Function implementing the defaultTask thread.
 144:Core/Src/app_freertos.c ****   * @param  argument: Not used
 145:Core/Src/app_freertos.c ****   * @retval None
 146:Core/Src/app_freertos.c ****   */
 147:Core/Src/app_freertos.c **** /* USER CODE END Header_StartDefaultTask */
 148:Core/Src/app_freertos.c **** void StartDefaultTask(void *argument)
 149:Core/Src/app_freertos.c **** {
  34              		.loc 1 149 1 view -0
  35              		.cfi_startproc
  36              		@ Volatile: function does not return.
  37              		@ args = 0, pretend = 0, frame = 0
  38              		@ frame_needed = 0, uses_anonymous_args = 0
  39              		.loc 1 149 1 is_stmt 0 view .LVU1
  40 0000 00B5     		push	{lr}
  41              		.cfi_def_cfa_offset 4
  42              		.cfi_offset 14, -4
  43 0002 85B0     		sub	sp, sp, #20
  44              		.cfi_def_cfa_offset 24
 150:Core/Src/app_freertos.c ****   /* USER CODE BEGIN StartDefaultTask */
 151:Core/Src/app_freertos.c ****   MX_TIM2_Init();
  45              		.loc 1 151 3 is_stmt 1 view .LVU2
  46 0004 FFF7FEFF 		bl	MX_TIM2_Init
  47              	.LVL1:
 152:Core/Src/app_freertos.c ****   HAL_TIM_Base_Start(&htim2);
  48              		.loc 1 152 3 view .LVU3
  49 0008 1C48     		ldr	r0, .L4
  50 000a FFF7FEFF 		bl	HAL_TIM_Base_Start
  51              	.LVL2:
 153:Core/Src/app_freertos.c **** 
 154:Core/Src/app_freertos.c ****   MX_ADC1_Init();
  52              		.loc 1 154 3 view .LVU4
  53 000e FFF7FEFF 		bl	MX_ADC1_Init
  54              	.LVL3:
 155:Core/Src/app_freertos.c **** 
 156:Core/Src/app_freertos.c **** 
 157:Core/Src/app_freertos.c ****   lcd16x2_init_4bits(GPIOA, RS_Pin, E_Pin, GPIOA, D4_Pin, D5_Pin, D6_Pin, D7_Pin);
  55              		.loc 1 157 3 view .LVU5
  56 0012 4FF40073 		mov	r3, #512
  57 0016 0393     		str	r3, [sp, #12]
  58 0018 4FF48073 		mov	r3, #256
  59 001c 0293     		str	r3, [sp, #8]
  60 001e 4FF40043 		mov	r3, #32768
  61 0022 0193     		str	r3, [sp, #4]
  62 0024 4FF48063 		mov	r3, #1024
  63 0028 0093     		str	r3, [sp]
  64 002a 4FF09043 		mov	r3, #1207959552
  65 002e 0422     		movs	r2, #4
  66 0030 0821     		movs	r1, #8
  67 0032 1846     		mov	r0, r3
  68 0034 FFF7FEFF 		bl	lcd16x2_init_4bits
ARM GAS  /var/folders/r0/ydptfcq11zg26w5yg1gx1gdc0000gn/T//ccIdRqQb.s 			page 5


  69              	.LVL4:
 158:Core/Src/app_freertos.c ****   lcd16x2_printf("Starting Program!");
  70              		.loc 1 158 3 view .LVU6
  71 0038 1148     		ldr	r0, .L4+4
  72 003a FFF7FEFF 		bl	lcd16x2_printf
  73              	.LVL5:
 159:Core/Src/app_freertos.c **** 
 160:Core/Src/app_freertos.c ****   osTimerStart(tempCheckHandle, 3000);
  74              		.loc 1 160 3 view .LVU7
  75 003e 40F6B831 		movw	r1, #3000
  76 0042 104B     		ldr	r3, .L4+8
  77 0044 1868     		ldr	r0, [r3]
  78 0046 FFF7FEFF 		bl	osTimerStart
  79              	.LVL6:
 161:Core/Src/app_freertos.c ****   osTimerStart(checkADCHandle, 200);
  80              		.loc 1 161 3 view .LVU8
  81 004a C821     		movs	r1, #200
  82 004c 0E4B     		ldr	r3, .L4+12
  83 004e 1868     		ldr	r0, [r3]
  84 0050 FFF7FEFF 		bl	osTimerStart
  85              	.LVL7:
 162:Core/Src/app_freertos.c **** 
 163:Core/Src/app_freertos.c ****   DC_MOTOR_Init(DC_MOTOR1);
  86              		.loc 1 163 3 view .LVU9
  87 0054 0020     		movs	r0, #0
  88 0056 FFF7FEFF 		bl	DC_MOTOR_Init
  89              	.LVL8:
 164:Core/Src/app_freertos.c ****   DC_MOTOR_Start(DC_MOTOR1, DIR_CW, 0);
  90              		.loc 1 164 3 view .LVU10
  91 005a 0022     		movs	r2, #0
  92 005c 1146     		mov	r1, r2
  93 005e 1046     		mov	r0, r2
  94 0060 FFF7FEFF 		bl	DC_MOTOR_Start
  95              	.LVL9:
  96              	.L2:
 165:Core/Src/app_freertos.c ****   /* Infinite loop */
 166:Core/Src/app_freertos.c ****   for (;;){
  97              		.loc 1 166 3 discriminator 1 view .LVU11
 167:Core/Src/app_freertos.c ****     osDelay(1);
  98              		.loc 1 167 5 discriminator 1 view .LVU12
  99 0064 0120     		movs	r0, #1
 100 0066 FFF7FEFF 		bl	osDelay
 101              	.LVL10:
 168:Core/Src/app_freertos.c ****     HAL_GPIO_TogglePin(GPIOB, BlueLED_Pin);
 102              		.loc 1 168 5 discriminator 1 view .LVU13
 103 006a 2021     		movs	r1, #32
 104 006c 0748     		ldr	r0, .L4+16
 105 006e FFF7FEFF 		bl	HAL_GPIO_TogglePin
 106              	.LVL11:
 169:Core/Src/app_freertos.c ****     vTaskDelay(500 / portTICK_PERIOD_MS); 
 107              		.loc 1 169 5 discriminator 1 view .LVU14
 108 0072 4FF4FA70 		mov	r0, #500
 109 0076 FFF7FEFF 		bl	vTaskDelay
 110              	.LVL12:
 166:Core/Src/app_freertos.c ****     osDelay(1);
 111              		.loc 1 166 3 discriminator 1 view .LVU15
 112 007a F3E7     		b	.L2
ARM GAS  /var/folders/r0/ydptfcq11zg26w5yg1gx1gdc0000gn/T//ccIdRqQb.s 			page 6


 113              	.L5:
 114              		.align	2
 115              	.L4:
 116 007c 00000000 		.word	htim2
 117 0080 00000000 		.word	.LC0
 118 0084 00000000 		.word	.LANCHOR0
 119 0088 00000000 		.word	.LANCHOR1
 120 008c 00040048 		.word	1207960576
 121              		.cfi_endproc
 122              	.LFE1110:
 124              		.section	.rodata.checkADCCallBack.str1.4,"aMS",%progbits,1
 125              		.align	2
 126              	.LC1:
 127 0000 44657369 		.ascii	"Desired Temp:%dC\000"
 127      72656420 
 127      54656D70 
 127      3A256443 
 127      00
 128              		.section	.text.checkADCCallBack,"ax",%progbits
 129              		.align	1
 130              		.global	checkADCCallBack
 131              		.syntax unified
 132              		.thumb
 133              		.thumb_func
 135              	checkADCCallBack:
 136              	.LVL13:
 137              	.LFB1112:
 170:Core/Src/app_freertos.c ****   }
 171:Core/Src/app_freertos.c ****   /* USER CODE END StartDefaultTask */
 172:Core/Src/app_freertos.c **** }
 173:Core/Src/app_freertos.c **** 
 174:Core/Src/app_freertos.c **** /* tempCheckCallBack function */
 175:Core/Src/app_freertos.c **** void tempCheckCallBack(void *argument)
 176:Core/Src/app_freertos.c **** {
 177:Core/Src/app_freertos.c ****   /* USER CODE BEGIN tempCheckCallBack */
 178:Core/Src/app_freertos.c ****   DHT_GetData(&DHT11_Data);
 179:Core/Src/app_freertos.c ****   Temperature = DHT11_Data.Temperature;
 180:Core/Src/app_freertos.c ****   Humidity = DHT11_Data.Humidity;
 181:Core/Src/app_freertos.c ****   Display_Temp(Temperature, Humidity);
 182:Core/Src/app_freertos.c ****   /* USER CODE END tempCheckCallBack */
 183:Core/Src/app_freertos.c **** }
 184:Core/Src/app_freertos.c **** 
 185:Core/Src/app_freertos.c **** /* checkADCCallBack function */
 186:Core/Src/app_freertos.c **** void checkADCCallBack(void *argument)
 187:Core/Src/app_freertos.c **** {
 138              		.loc 1 187 1 view -0
 139              		.cfi_startproc
 140              		@ args = 0, pretend = 0, frame = 0
 141              		@ frame_needed = 0, uses_anonymous_args = 0
 142              		.loc 1 187 1 is_stmt 0 view .LVU17
 143 0000 38B5     		push	{r3, r4, r5, lr}
 144              		.cfi_def_cfa_offset 16
 145              		.cfi_offset 3, -16
 146              		.cfi_offset 4, -12
 147              		.cfi_offset 5, -8
 148              		.cfi_offset 14, -4
 188:Core/Src/app_freertos.c ****   /* USER CODE BEGIN checkADCCallBack */
ARM GAS  /var/folders/r0/ydptfcq11zg26w5yg1gx1gdc0000gn/T//ccIdRqQb.s 			page 7


 189:Core/Src/app_freertos.c ****   // Get ADC value
 190:Core/Src/app_freertos.c ****   uint16_t raw;
 149              		.loc 1 190 3 is_stmt 1 view .LVU18
 191:Core/Src/app_freertos.c ****   uint16_t cThreshold;
 150              		.loc 1 191 3 view .LVU19
 192:Core/Src/app_freertos.c ****   int convertedC;
 151              		.loc 1 192 3 view .LVU20
 193:Core/Src/app_freertos.c ****   
 194:Core/Src/app_freertos.c ****   HAL_ADC_Start(&hadc1);
 152              		.loc 1 194 3 view .LVU21
 153 0002 1A4C     		ldr	r4, .L13
 154 0004 2046     		mov	r0, r4
 155              	.LVL14:
 156              		.loc 1 194 3 is_stmt 0 view .LVU22
 157 0006 FFF7FEFF 		bl	HAL_ADC_Start
 158              	.LVL15:
 195:Core/Src/app_freertos.c ****   HAL_ADC_PollForConversion(&hadc1, HAL_MAX_DELAY);
 159              		.loc 1 195 3 is_stmt 1 view .LVU23
 160 000a 4FF0FF31 		mov	r1, #-1
 161 000e 2046     		mov	r0, r4
 162 0010 FFF7FEFF 		bl	HAL_ADC_PollForConversion
 163              	.LVL16:
 196:Core/Src/app_freertos.c ****   raw = HAL_ADC_GetValue(&hadc1);
 164              		.loc 1 196 3 view .LVU24
 165              		.loc 1 196 9 is_stmt 0 view .LVU25
 166 0014 2046     		mov	r0, r4
 167 0016 FFF7FEFF 		bl	HAL_ADC_GetValue
 168              	.LVL17:
 197:Core/Src/app_freertos.c ****   convertedC = (raw * 40) / 4095; // User can set the desired temp from 0-40 celcius
 169              		.loc 1 197 3 is_stmt 1 view .LVU26
 170              		.loc 1 197 21 is_stmt 0 view .LVU27
 171 001a 85B2     		uxth	r5, r0
 172 001c 05EB8503 		add	r3, r5, r5, lsl #2
 173 0020 DB00     		lsls	r3, r3, #3
 174              		.loc 1 197 14 view .LVU28
 175 0022 134C     		ldr	r4, .L13+4
 176 0024 84FB0324 		smull	r2, r4, r4, r3
 177 0028 1C44     		add	r4, r4, r3
 178 002a E412     		asrs	r4, r4, #11
 179              	.LVL18:
 198:Core/Src/app_freertos.c ****   lcd16x2_2ndLine();
 180              		.loc 1 198 3 is_stmt 1 view .LVU29
 181 002c FFF7FEFF 		bl	lcd16x2_2ndLine
 182              	.LVL19:
 199:Core/Src/app_freertos.c ****   lcd16x2_printf("Desired Temp:%dC", convertedC);
 183              		.loc 1 199 3 view .LVU30
 184 0030 2146     		mov	r1, r4
 185 0032 1048     		ldr	r0, .L13+8
 186 0034 FFF7FEFF 		bl	lcd16x2_printf
 187              	.LVL20:
 200:Core/Src/app_freertos.c ****   if (convertedC > Temperature){
 188              		.loc 1 200 3 view .LVU31
 189              		.loc 1 200 18 is_stmt 0 view .LVU32
 190 0038 07EE904A 		vmov	s15, r4	@ int
 191 003c F8EEE77A 		vcvt.f32.s32	s15, s15
 192 0040 0D4B     		ldr	r3, .L13+12
 193 0042 93ED007A 		vldr.32	s14, [r3]
ARM GAS  /var/folders/r0/ydptfcq11zg26w5yg1gx1gdc0000gn/T//ccIdRqQb.s 			page 8


 194              		.loc 1 200 6 view .LVU33
 195 0046 F4EEC77A 		vcmpe.f32	s15, s14
 196 004a F1EE10FA 		vmrs	APSR_nzcv, FPSCR
 197 004e 04DD     		ble	.L11
 201:Core/Src/app_freertos.c ****     cThreshold = 0;
 198              		.loc 1 201 5 is_stmt 1 view .LVU34
 199              	.LVL21:
 202:Core/Src/app_freertos.c ****     DC_MOTOR_Set_Speed(DC_MOTOR1, cThreshold);
 200              		.loc 1 202 5 view .LVU35
 201 0050 0021     		movs	r1, #0
 202 0052 0846     		mov	r0, r1
 203 0054 FFF7FEFF 		bl	DC_MOTOR_Set_Speed
 204              	.LVL22:
 205              	.L6:
 203:Core/Src/app_freertos.c ****   }
 204:Core/Src/app_freertos.c ****   else{
 205:Core/Src/app_freertos.c ****     cThreshold = raw;
 206:Core/Src/app_freertos.c ****     DC_MOTOR_Set_Speed(DC_MOTOR1, (4095 - cThreshold) >> 2);
 207:Core/Src/app_freertos.c ****   }
 208:Core/Src/app_freertos.c ****   /* USER CODE END checkADCCallBack */
 209:Core/Src/app_freertos.c **** }
 206              		.loc 1 209 1 is_stmt 0 view .LVU36
 207 0058 38BD     		pop	{r3, r4, r5, pc}
 208              	.LVL23:
 209              	.L11:
 205:Core/Src/app_freertos.c ****     DC_MOTOR_Set_Speed(DC_MOTOR1, (4095 - cThreshold) >> 2);
 210              		.loc 1 205 5 is_stmt 1 view .LVU37
 206:Core/Src/app_freertos.c ****   }
 211              		.loc 1 206 5 view .LVU38
 206:Core/Src/app_freertos.c ****   }
 212              		.loc 1 206 41 is_stmt 0 view .LVU39
 213 005a C5F57F61 		rsb	r1, r5, #4080
 214 005e 0F31     		adds	r1, r1, #15
 206:Core/Src/app_freertos.c ****   }
 215              		.loc 1 206 5 view .LVU40
 216 0060 C1F38F01 		ubfx	r1, r1, #2, #16
 217 0064 0020     		movs	r0, #0
 218 0066 FFF7FEFF 		bl	DC_MOTOR_Set_Speed
 219              	.LVL24:
 220              		.loc 1 209 1 view .LVU41
 221 006a F5E7     		b	.L6
 222              	.L14:
 223              		.align	2
 224              	.L13:
 225 006c 00000000 		.word	hadc1
 226 0070 81000880 		.word	-2146959231
 227 0074 00000000 		.word	.LC1
 228 0078 00000000 		.word	.LANCHOR2
 229              		.cfi_endproc
 230              	.LFE1112:
 232              		.section	.rodata.Display_Temp.str1.4,"aMS",%progbits,1
 233              		.align	2
 234              	.LC2:
 235 0000 54656D70 		.ascii	"Temp: %dC RH: %d\000"
 235      3A202564 
 235      43205248 
 235      3A202564 
ARM GAS  /var/folders/r0/ydptfcq11zg26w5yg1gx1gdc0000gn/T//ccIdRqQb.s 			page 9


 235      00
 236              		.section	.text.Display_Temp,"ax",%progbits
 237              		.align	1
 238              		.global	Display_Temp
 239              		.syntax unified
 240              		.thumb
 241              		.thumb_func
 243              	Display_Temp:
 244              	.LVL25:
 245              	.LFB1108:
  76:Core/Src/app_freertos.c ****   lcd16x2_clear();
 246              		.loc 1 76 40 is_stmt 1 view -0
 247              		.cfi_startproc
 248              		@ args = 0, pretend = 0, frame = 0
 249              		@ frame_needed = 0, uses_anonymous_args = 0
  76:Core/Src/app_freertos.c ****   lcd16x2_clear();
 250              		.loc 1 76 40 is_stmt 0 view .LVU43
 251 0000 08B5     		push	{r3, lr}
 252              		.cfi_def_cfa_offset 8
 253              		.cfi_offset 3, -8
 254              		.cfi_offset 14, -4
 255 0002 2DED028B 		vpush.64	{d8}
 256              		.cfi_def_cfa_offset 16
 257              		.cfi_offset 80, -16
 258              		.cfi_offset 81, -12
 259 0006 B0EE408A 		vmov.f32	s16, s0
 260 000a F0EE608A 		vmov.f32	s17, s1
  77:Core/Src/app_freertos.c ****   lcd16x2_1stLine();
 261              		.loc 1 77 3 is_stmt 1 view .LVU44
 262 000e FFF7FEFF 		bl	lcd16x2_clear
 263              	.LVL26:
  78:Core/Src/app_freertos.c ****   lcd16x2_printf("Temp: %dC RH: %d", (int)Temp, (int)Rh);
 264              		.loc 1 78 3 view .LVU45
 265 0012 FFF7FEFF 		bl	lcd16x2_1stLine
 266              	.LVL27:
  79:Core/Src/app_freertos.c **** }
 267              		.loc 1 79 3 view .LVU46
 268 0016 FDEEE87A 		vcvt.s32.f32	s15, s17
 269 001a 17EE902A 		vmov	r2, s15	@ int
 270 001e FDEEC87A 		vcvt.s32.f32	s15, s16
 271 0022 17EE901A 		vmov	r1, s15	@ int
 272 0026 0348     		ldr	r0, .L17
 273 0028 FFF7FEFF 		bl	lcd16x2_printf
 274              	.LVL28:
  80:Core/Src/app_freertos.c **** 
 275              		.loc 1 80 1 is_stmt 0 view .LVU47
 276 002c BDEC028B 		vldm	sp!, {d8}
 277              		.cfi_restore 80
 278              		.cfi_restore 81
 279              		.cfi_def_cfa_offset 8
 280              	.LVL29:
  80:Core/Src/app_freertos.c **** 
 281              		.loc 1 80 1 view .LVU48
 282 0030 08BD     		pop	{r3, pc}
 283              	.L18:
 284 0032 00BF     		.align	2
 285              	.L17:
ARM GAS  /var/folders/r0/ydptfcq11zg26w5yg1gx1gdc0000gn/T//ccIdRqQb.s 			page 10


 286 0034 00000000 		.word	.LC2
 287              		.cfi_endproc
 288              	.LFE1108:
 290              		.section	.text.tempCheckCallBack,"ax",%progbits
 291              		.align	1
 292              		.global	tempCheckCallBack
 293              		.syntax unified
 294              		.thumb
 295              		.thumb_func
 297              	tempCheckCallBack:
 298              	.LVL30:
 299              	.LFB1111:
 176:Core/Src/app_freertos.c ****   /* USER CODE BEGIN tempCheckCallBack */
 300              		.loc 1 176 1 is_stmt 1 view -0
 301              		.cfi_startproc
 302              		@ args = 0, pretend = 0, frame = 0
 303              		@ frame_needed = 0, uses_anonymous_args = 0
 176:Core/Src/app_freertos.c ****   /* USER CODE BEGIN tempCheckCallBack */
 304              		.loc 1 176 1 is_stmt 0 view .LVU50
 305 0000 10B5     		push	{r4, lr}
 306              		.cfi_def_cfa_offset 8
 307              		.cfi_offset 4, -8
 308              		.cfi_offset 14, -4
 178:Core/Src/app_freertos.c ****   Temperature = DHT11_Data.Temperature;
 309              		.loc 1 178 3 is_stmt 1 view .LVU51
 310 0002 084C     		ldr	r4, .L21
 311 0004 2046     		mov	r0, r4
 312              	.LVL31:
 178:Core/Src/app_freertos.c ****   Temperature = DHT11_Data.Temperature;
 313              		.loc 1 178 3 is_stmt 0 view .LVU52
 314 0006 FFF7FEFF 		bl	DHT_GetData
 315              	.LVL32:
 179:Core/Src/app_freertos.c ****   Humidity = DHT11_Data.Humidity;
 316              		.loc 1 179 3 is_stmt 1 view .LVU53
 179:Core/Src/app_freertos.c ****   Humidity = DHT11_Data.Humidity;
 317              		.loc 1 179 27 is_stmt 0 view .LVU54
 318 000a 94ED000A 		vldr.32	s0, [r4]
 179:Core/Src/app_freertos.c ****   Humidity = DHT11_Data.Humidity;
 319              		.loc 1 179 15 view .LVU55
 320 000e 064B     		ldr	r3, .L21+4
 321 0010 83ED000A 		vstr.32	s0, [r3]
 180:Core/Src/app_freertos.c ****   Display_Temp(Temperature, Humidity);
 322              		.loc 1 180 3 is_stmt 1 view .LVU56
 180:Core/Src/app_freertos.c ****   Display_Temp(Temperature, Humidity);
 323              		.loc 1 180 24 is_stmt 0 view .LVU57
 324 0014 D4ED010A 		vldr.32	s1, [r4, #4]
 180:Core/Src/app_freertos.c ****   Display_Temp(Temperature, Humidity);
 325              		.loc 1 180 12 view .LVU58
 326 0018 044B     		ldr	r3, .L21+8
 327 001a C3ED000A 		vstr.32	s1, [r3]
 181:Core/Src/app_freertos.c ****   /* USER CODE END tempCheckCallBack */
 328              		.loc 1 181 3 is_stmt 1 view .LVU59
 329 001e FFF7FEFF 		bl	Display_Temp
 330              	.LVL33:
 183:Core/Src/app_freertos.c **** 
 331              		.loc 1 183 1 is_stmt 0 view .LVU60
 332 0022 10BD     		pop	{r4, pc}
ARM GAS  /var/folders/r0/ydptfcq11zg26w5yg1gx1gdc0000gn/T//ccIdRqQb.s 			page 11


 333              	.L22:
 334              		.align	2
 335              	.L21:
 336 0024 00000000 		.word	.LANCHOR3
 337 0028 00000000 		.word	.LANCHOR2
 338 002c 00000000 		.word	.LANCHOR4
 339              		.cfi_endproc
 340              	.LFE1111:
 342              		.section	.text.MX_FREERTOS_Init,"ax",%progbits
 343              		.align	1
 344              		.global	MX_FREERTOS_Init
 345              		.syntax unified
 346              		.thumb
 347              		.thumb_func
 349              	MX_FREERTOS_Init:
 350              	.LFB1109:
  99:Core/Src/app_freertos.c ****   /* USER CODE BEGIN Init */
 351              		.loc 1 99 29 is_stmt 1 view -0
 352              		.cfi_startproc
 353              		@ args = 0, pretend = 0, frame = 0
 354              		@ frame_needed = 0, uses_anonymous_args = 0
 355 0000 08B5     		push	{r3, lr}
 356              		.cfi_def_cfa_offset 8
 357              		.cfi_offset 3, -8
 358              		.cfi_offset 14, -4
 114:Core/Src/app_freertos.c **** 
 359              		.loc 1 114 3 view .LVU62
 114:Core/Src/app_freertos.c **** 
 360              		.loc 1 114 21 is_stmt 0 view .LVU63
 361 0002 0C4B     		ldr	r3, .L25
 362 0004 0022     		movs	r2, #0
 363 0006 0121     		movs	r1, #1
 364 0008 0B48     		ldr	r0, .L25+4
 365 000a FFF7FEFF 		bl	osTimerNew
 366              	.LVL34:
 114:Core/Src/app_freertos.c **** 
 367              		.loc 1 114 19 view .LVU64
 368 000e 0B4B     		ldr	r3, .L25+8
 369 0010 1860     		str	r0, [r3]
 117:Core/Src/app_freertos.c **** 
 370              		.loc 1 117 3 is_stmt 1 view .LVU65
 117:Core/Src/app_freertos.c **** 
 371              		.loc 1 117 20 is_stmt 0 view .LVU66
 372 0012 0B4B     		ldr	r3, .L25+12
 373 0014 0022     		movs	r2, #0
 374 0016 0121     		movs	r1, #1
 375 0018 0A48     		ldr	r0, .L25+16
 376 001a FFF7FEFF 		bl	osTimerNew
 377              	.LVL35:
 117:Core/Src/app_freertos.c **** 
 378              		.loc 1 117 18 view .LVU67
 379 001e 0A4B     		ldr	r3, .L25+20
 380 0020 1860     		str	r0, [r3]
 129:Core/Src/app_freertos.c **** 
 381              		.loc 1 129 3 is_stmt 1 view .LVU68
 129:Core/Src/app_freertos.c **** 
 382              		.loc 1 129 23 is_stmt 0 view .LVU69
ARM GAS  /var/folders/r0/ydptfcq11zg26w5yg1gx1gdc0000gn/T//ccIdRqQb.s 			page 12


 383 0022 0A4A     		ldr	r2, .L25+24
 384 0024 0021     		movs	r1, #0
 385 0026 0A48     		ldr	r0, .L25+28
 386 0028 FFF7FEFF 		bl	osThreadNew
 387              	.LVL36:
 129:Core/Src/app_freertos.c **** 
 388              		.loc 1 129 21 view .LVU70
 389 002c 094B     		ldr	r3, .L25+32
 390 002e 1860     		str	r0, [r3]
 139:Core/Src/app_freertos.c **** 
 391              		.loc 1 139 1 view .LVU71
 392 0030 08BD     		pop	{r3, pc}
 393              	.L26:
 394 0032 00BF     		.align	2
 395              	.L25:
 396 0034 00000000 		.word	.LANCHOR5
 397 0038 00000000 		.word	tempCheckCallBack
 398 003c 00000000 		.word	.LANCHOR0
 399 0040 00000000 		.word	.LANCHOR6
 400 0044 00000000 		.word	checkADCCallBack
 401 0048 00000000 		.word	.LANCHOR1
 402 004c 00000000 		.word	.LANCHOR7
 403 0050 00000000 		.word	StartDefaultTask
 404 0054 00000000 		.word	.LANCHOR8
 405              		.cfi_endproc
 406              	.LFE1109:
 408              		.global	Humidity
 409              		.global	Temperature
 410              		.global	DHT11_Data
 411              		.global	checkADC_attributes
 412              		.section	.rodata.str1.4,"aMS",%progbits,1
 413              		.align	2
 414              	.LC3:
 415 0000 63686563 		.ascii	"checkADC\000"
 415      6B414443 
 415      00
 416              		.global	checkADCHandle
 417              		.global	tempCheck_attributes
 418 0009 000000   		.align	2
 419              	.LC4:
 420 000c 74656D70 		.ascii	"tempCheck\000"
 420      43686563 
 420      6B00
 421              		.global	tempCheckHandle
 422              		.global	defaultTask_attributes
 423 0016 0000     		.align	2
 424              	.LC5:
 425 0018 64656661 		.ascii	"defaultTask\000"
 425      756C7454 
 425      61736B00 
 426              		.global	defaultTaskHandle
 427              		.section	.bss.DHT11_Data,"aw",%nobits
 428              		.align	2
 429              		.set	.LANCHOR3,. + 0
 432              	DHT11_Data:
 433 0000 00000000 		.space	8
 433      00000000 
ARM GAS  /var/folders/r0/ydptfcq11zg26w5yg1gx1gdc0000gn/T//ccIdRqQb.s 			page 13


 434              		.section	.bss.Humidity,"aw",%nobits
 435              		.align	2
 436              		.set	.LANCHOR4,. + 0
 439              	Humidity:
 440 0000 00000000 		.space	4
 441              		.section	.bss.Temperature,"aw",%nobits
 442              		.align	2
 443              		.set	.LANCHOR2,. + 0
 446              	Temperature:
 447 0000 00000000 		.space	4
 448              		.section	.bss.checkADCHandle,"aw",%nobits
 449              		.align	2
 450              		.set	.LANCHOR1,. + 0
 453              	checkADCHandle:
 454 0000 00000000 		.space	4
 455              		.section	.bss.defaultTaskHandle,"aw",%nobits
 456              		.align	2
 457              		.set	.LANCHOR8,. + 0
 460              	defaultTaskHandle:
 461 0000 00000000 		.space	4
 462              		.section	.bss.tempCheckHandle,"aw",%nobits
 463              		.align	2
 464              		.set	.LANCHOR0,. + 0
 467              	tempCheckHandle:
 468 0000 00000000 		.space	4
 469              		.section	.rodata.checkADC_attributes,"a"
 470              		.align	2
 471              		.set	.LANCHOR6,. + 0
 474              	checkADC_attributes:
 475 0000 00000000 		.word	.LC3
 476 0004 00000000 		.space	12
 476      00000000 
 476      00000000 
 477              		.section	.rodata.defaultTask_attributes,"a"
 478              		.align	2
 479              		.set	.LANCHOR7,. + 0
 482              	defaultTask_attributes:
 483 0000 18000000 		.word	.LC5
 484 0004 00000000 		.space	16
 484      00000000 
 484      00000000 
 484      00000000 
 485 0014 00020000 		.word	512
 486 0018 18000000 		.word	24
 487 001c 00000000 		.space	8
 487      00000000 
 488              		.section	.rodata.tempCheck_attributes,"a"
 489              		.align	2
 490              		.set	.LANCHOR5,. + 0
 493              	tempCheck_attributes:
 494 0000 0C000000 		.word	.LC4
 495 0004 00000000 		.space	12
 495      00000000 
 495      00000000 
 496              		.text
 497              	.Letext0:
 498              		.file 2 "/Users/aeheigl/Library/Application Support/Code/User/globalStorage/bmd.stm32-for-vscode/@
ARM GAS  /var/folders/r0/ydptfcq11zg26w5yg1gx1gdc0000gn/T//ccIdRqQb.s 			page 14


 499              		.file 3 "/Users/aeheigl/Library/Application Support/Code/User/globalStorage/bmd.stm32-for-vscode/@
 500              		.file 4 "Middlewares/Third_Party/FreeRTOS/Source/portable/GCC/ARM_CM4F/portmacro.h"
 501              		.file 5 "Drivers/CMSIS/Device/ST/STM32WBxx/Include/stm32wb55xx.h"
 502              		.file 6 "Drivers/CMSIS/Device/ST/STM32WBxx/Include/stm32wbxx.h"
 503              		.file 7 "Drivers/STM32WBxx_HAL_Driver/Inc/stm32wbxx_hal_def.h"
 504              		.file 8 "Drivers/STM32WBxx_HAL_Driver/Inc/stm32wbxx_hal_dma.h"
 505              		.file 9 "Drivers/STM32WBxx_HAL_Driver/Inc/stm32wbxx_hal_adc.h"
 506              		.file 10 "Drivers/STM32WBxx_HAL_Driver/Inc/stm32wbxx_hal_tim.h"
 507              		.file 11 "Middlewares/Third_Party/FreeRTOS/Source/CMSIS_RTOS_V2/cmsis_os2.h"
 508              		.file 12 "Core/Inc/tim.h"
 509              		.file 13 "Core/Inc/adc.h"
 510              		.file 14 "Core/Inc/DHT.h"
 511              		.file 15 "Core/Inc/DC_MOTOR.h"
 512              		.file 16 "Middlewares/Third_Party/FreeRTOS/Source/include/task.h"
 513              		.file 17 "Drivers/STM32WBxx_HAL_Driver/Inc/stm32wbxx_hal_gpio.h"
 514              		.file 18 "Core/Inc/lcd16x2.h"
ARM GAS  /var/folders/r0/ydptfcq11zg26w5yg1gx1gdc0000gn/T//ccIdRqQb.s 			page 15


DEFINED SYMBOLS
                            *ABS*:0000000000000000 app_freertos.c
/var/folders/r0/ydptfcq11zg26w5yg1gx1gdc0000gn/T//ccIdRqQb.s:20     .rodata.StartDefaultTask.str1.4:0000000000000000 $d
/var/folders/r0/ydptfcq11zg26w5yg1gx1gdc0000gn/T//ccIdRqQb.s:24     .text.StartDefaultTask:0000000000000000 $t
/var/folders/r0/ydptfcq11zg26w5yg1gx1gdc0000gn/T//ccIdRqQb.s:30     .text.StartDefaultTask:0000000000000000 StartDefaultTask
/var/folders/r0/ydptfcq11zg26w5yg1gx1gdc0000gn/T//ccIdRqQb.s:116    .text.StartDefaultTask:000000000000007c $d
/var/folders/r0/ydptfcq11zg26w5yg1gx1gdc0000gn/T//ccIdRqQb.s:125    .rodata.checkADCCallBack.str1.4:0000000000000000 $d
/var/folders/r0/ydptfcq11zg26w5yg1gx1gdc0000gn/T//ccIdRqQb.s:129    .text.checkADCCallBack:0000000000000000 $t
/var/folders/r0/ydptfcq11zg26w5yg1gx1gdc0000gn/T//ccIdRqQb.s:135    .text.checkADCCallBack:0000000000000000 checkADCCallBack
/var/folders/r0/ydptfcq11zg26w5yg1gx1gdc0000gn/T//ccIdRqQb.s:225    .text.checkADCCallBack:000000000000006c $d
/var/folders/r0/ydptfcq11zg26w5yg1gx1gdc0000gn/T//ccIdRqQb.s:233    .rodata.Display_Temp.str1.4:0000000000000000 $d
/var/folders/r0/ydptfcq11zg26w5yg1gx1gdc0000gn/T//ccIdRqQb.s:237    .text.Display_Temp:0000000000000000 $t
/var/folders/r0/ydptfcq11zg26w5yg1gx1gdc0000gn/T//ccIdRqQb.s:243    .text.Display_Temp:0000000000000000 Display_Temp
/var/folders/r0/ydptfcq11zg26w5yg1gx1gdc0000gn/T//ccIdRqQb.s:286    .text.Display_Temp:0000000000000034 $d
/var/folders/r0/ydptfcq11zg26w5yg1gx1gdc0000gn/T//ccIdRqQb.s:291    .text.tempCheckCallBack:0000000000000000 $t
/var/folders/r0/ydptfcq11zg26w5yg1gx1gdc0000gn/T//ccIdRqQb.s:297    .text.tempCheckCallBack:0000000000000000 tempCheckCallBack
/var/folders/r0/ydptfcq11zg26w5yg1gx1gdc0000gn/T//ccIdRqQb.s:336    .text.tempCheckCallBack:0000000000000024 $d
/var/folders/r0/ydptfcq11zg26w5yg1gx1gdc0000gn/T//ccIdRqQb.s:343    .text.MX_FREERTOS_Init:0000000000000000 $t
/var/folders/r0/ydptfcq11zg26w5yg1gx1gdc0000gn/T//ccIdRqQb.s:349    .text.MX_FREERTOS_Init:0000000000000000 MX_FREERTOS_Init
/var/folders/r0/ydptfcq11zg26w5yg1gx1gdc0000gn/T//ccIdRqQb.s:396    .text.MX_FREERTOS_Init:0000000000000034 $d
/var/folders/r0/ydptfcq11zg26w5yg1gx1gdc0000gn/T//ccIdRqQb.s:439    .bss.Humidity:0000000000000000 Humidity
/var/folders/r0/ydptfcq11zg26w5yg1gx1gdc0000gn/T//ccIdRqQb.s:446    .bss.Temperature:0000000000000000 Temperature
/var/folders/r0/ydptfcq11zg26w5yg1gx1gdc0000gn/T//ccIdRqQb.s:432    .bss.DHT11_Data:0000000000000000 DHT11_Data
/var/folders/r0/ydptfcq11zg26w5yg1gx1gdc0000gn/T//ccIdRqQb.s:474    .rodata.checkADC_attributes:0000000000000000 checkADC_attributes
/var/folders/r0/ydptfcq11zg26w5yg1gx1gdc0000gn/T//ccIdRqQb.s:413    .rodata.str1.4:0000000000000000 $d
/var/folders/r0/ydptfcq11zg26w5yg1gx1gdc0000gn/T//ccIdRqQb.s:453    .bss.checkADCHandle:0000000000000000 checkADCHandle
/var/folders/r0/ydptfcq11zg26w5yg1gx1gdc0000gn/T//ccIdRqQb.s:493    .rodata.tempCheck_attributes:0000000000000000 tempCheck_attributes
/var/folders/r0/ydptfcq11zg26w5yg1gx1gdc0000gn/T//ccIdRqQb.s:467    .bss.tempCheckHandle:0000000000000000 tempCheckHandle
/var/folders/r0/ydptfcq11zg26w5yg1gx1gdc0000gn/T//ccIdRqQb.s:482    .rodata.defaultTask_attributes:0000000000000000 defaultTask_attributes
/var/folders/r0/ydptfcq11zg26w5yg1gx1gdc0000gn/T//ccIdRqQb.s:460    .bss.defaultTaskHandle:0000000000000000 defaultTaskHandle
/var/folders/r0/ydptfcq11zg26w5yg1gx1gdc0000gn/T//ccIdRqQb.s:428    .bss.DHT11_Data:0000000000000000 $d
/var/folders/r0/ydptfcq11zg26w5yg1gx1gdc0000gn/T//ccIdRqQb.s:435    .bss.Humidity:0000000000000000 $d
/var/folders/r0/ydptfcq11zg26w5yg1gx1gdc0000gn/T//ccIdRqQb.s:442    .bss.Temperature:0000000000000000 $d
/var/folders/r0/ydptfcq11zg26w5yg1gx1gdc0000gn/T//ccIdRqQb.s:449    .bss.checkADCHandle:0000000000000000 $d
/var/folders/r0/ydptfcq11zg26w5yg1gx1gdc0000gn/T//ccIdRqQb.s:456    .bss.defaultTaskHandle:0000000000000000 $d
/var/folders/r0/ydptfcq11zg26w5yg1gx1gdc0000gn/T//ccIdRqQb.s:463    .bss.tempCheckHandle:0000000000000000 $d
/var/folders/r0/ydptfcq11zg26w5yg1gx1gdc0000gn/T//ccIdRqQb.s:470    .rodata.checkADC_attributes:0000000000000000 $d
/var/folders/r0/ydptfcq11zg26w5yg1gx1gdc0000gn/T//ccIdRqQb.s:478    .rodata.defaultTask_attributes:0000000000000000 $d
/var/folders/r0/ydptfcq11zg26w5yg1gx1gdc0000gn/T//ccIdRqQb.s:489    .rodata.tempCheck_attributes:0000000000000000 $d

UNDEFINED SYMBOLS
MX_TIM2_Init
HAL_TIM_Base_Start
MX_ADC1_Init
lcd16x2_init_4bits
lcd16x2_printf
osTimerStart
DC_MOTOR_Init
DC_MOTOR_Start
osDelay
HAL_GPIO_TogglePin
vTaskDelay
htim2
HAL_ADC_Start
HAL_ADC_PollForConversion
HAL_ADC_GetValue
lcd16x2_2ndLine
ARM GAS  /var/folders/r0/ydptfcq11zg26w5yg1gx1gdc0000gn/T//ccIdRqQb.s 			page 16


DC_MOTOR_Set_Speed
hadc1
lcd16x2_clear
lcd16x2_1stLine
DHT_GetData
osTimerNew
osThreadNew
