ARM GAS  /var/folders/r0/ydptfcq11zg26w5yg1gx1gdc0000gn/T//ccoyRhS6.s 			page 1


   1              		.cpu cortex-m4
   2              		.arch armv7e-m
   3              		.fpu fpv4-sp-d16
   4              		.eabi_attribute 27, 1
   5              		.eabi_attribute 28, 1
   6              		.eabi_attribute 20, 1
   7              		.eabi_attribute 21, 1
   8              		.eabi_attribute 23, 3
   9              		.eabi_attribute 24, 1
  10              		.eabi_attribute 25, 1
  11              		.eabi_attribute 26, 1
  12              		.eabi_attribute 30, 1
  13              		.eabi_attribute 34, 1
  14              		.eabi_attribute 18, 4
  15              		.file	"DC_MOTOR_cfg.c"
  16              		.text
  17              	.Ltext0:
  18              		.cfi_sections	.debug_frame
  19              		.global	DC_MOTOR_CfgParam
  20              		.section	.rodata.DC_MOTOR_CfgParam,"a"
  21              		.align	2
  24              	DC_MOTOR_CfgParam:
  25 0000 00000048 		.word	1207959552
  26 0004 00000048 		.word	1207959552
  27 0008 1000     		.short	16
  28 000a 8000     		.short	128
  29 000c 00000040 		.word	1073741824
  30 0010 00000000 		.word	0
  31 0014 2000     		.short	32
  32 0016 0000     		.space	2
  33 0018 F4010000 		.word	500
  34 001c 0A       		.byte	10
  35 001d 000000   		.space	3
  36              		.text
  37              	.Letext0:
  38              		.file 1 "/Users/aeheigl/Library/Application Support/Code/User/globalStorage/bmd.stm32-for-vscode/@
  39              		.file 2 "/Users/aeheigl/Library/Application Support/Code/User/globalStorage/bmd.stm32-for-vscode/@
  40              		.file 3 "Drivers/CMSIS/Device/ST/STM32WBxx/Include/stm32wb55xx.h"
  41              		.file 4 "Core/Inc/DC_MOTOR.h"
  42              		.file 5 "Core/Src/DC_MOTOR_cfg.c"
ARM GAS  /var/folders/r0/ydptfcq11zg26w5yg1gx1gdc0000gn/T//ccoyRhS6.s 			page 2


DEFINED SYMBOLS
                            *ABS*:0000000000000000 DC_MOTOR_cfg.c
/var/folders/r0/ydptfcq11zg26w5yg1gx1gdc0000gn/T//ccoyRhS6.s:24     .rodata.DC_MOTOR_CfgParam:0000000000000000 DC_MOTOR_CfgParam
/var/folders/r0/ydptfcq11zg26w5yg1gx1gdc0000gn/T//ccoyRhS6.s:21     .rodata.DC_MOTOR_CfgParam:0000000000000000 $d

NO UNDEFINED SYMBOLS
