ARM GAS  /var/folders/r0/ydptfcq11zg26w5yg1gx1gdc0000gn/T//cckvmDJ5.s 			page 1


   1              		.cpu cortex-m4
   2              		.arch armv7e-m
   3              		.fpu fpv4-sp-d16
   4              		.eabi_attribute 27, 1
   5              		.eabi_attribute 28, 1
   6              		.eabi_attribute 20, 1
   7              		.eabi_attribute 21, 1
   8              		.eabi_attribute 23, 3
   9              		.eabi_attribute 24, 1
  10              		.eabi_attribute 25, 1
  11              		.eabi_attribute 26, 1
  12              		.eabi_attribute 30, 1
  13              		.eabi_attribute 34, 1
  14              		.eabi_attribute 18, 4
  15              		.file	"stm32wbxx_hal_pcd_ex.c"
  16              		.text
  17              	.Ltext0:
  18              		.cfi_sections	.debug_frame
  19              		.section	.text.HAL_PCDEx_PMAConfig,"ax",%progbits
  20              		.align	1
  21              		.global	HAL_PCDEx_PMAConfig
  22              		.syntax unified
  23              		.thumb
  24              		.thumb_func
  26              	HAL_PCDEx_PMAConfig:
  27              	.LVL0:
  28              	.LFB1104:
  29              		.file 1 "Drivers/STM32WBxx_HAL_Driver/Src/stm32wbxx_hal_pcd_ex.c"
   1:Drivers/STM32WBxx_HAL_Driver/Src/stm32wbxx_hal_pcd_ex.c **** /**
   2:Drivers/STM32WBxx_HAL_Driver/Src/stm32wbxx_hal_pcd_ex.c ****   ******************************************************************************
   3:Drivers/STM32WBxx_HAL_Driver/Src/stm32wbxx_hal_pcd_ex.c ****   * @file    stm32wbxx_hal_pcd_ex.c
   4:Drivers/STM32WBxx_HAL_Driver/Src/stm32wbxx_hal_pcd_ex.c ****   * @author  MCD Application Team
   5:Drivers/STM32WBxx_HAL_Driver/Src/stm32wbxx_hal_pcd_ex.c ****   * @brief   PCD Extended HAL module driver.
   6:Drivers/STM32WBxx_HAL_Driver/Src/stm32wbxx_hal_pcd_ex.c ****   *          This file provides firmware functions to manage the following
   7:Drivers/STM32WBxx_HAL_Driver/Src/stm32wbxx_hal_pcd_ex.c ****   *          functionalities of the USB Peripheral Controller:
   8:Drivers/STM32WBxx_HAL_Driver/Src/stm32wbxx_hal_pcd_ex.c ****   *           + Extended features functions
   9:Drivers/STM32WBxx_HAL_Driver/Src/stm32wbxx_hal_pcd_ex.c ****   *
  10:Drivers/STM32WBxx_HAL_Driver/Src/stm32wbxx_hal_pcd_ex.c ****   ******************************************************************************
  11:Drivers/STM32WBxx_HAL_Driver/Src/stm32wbxx_hal_pcd_ex.c ****   * @attention
  12:Drivers/STM32WBxx_HAL_Driver/Src/stm32wbxx_hal_pcd_ex.c ****   *
  13:Drivers/STM32WBxx_HAL_Driver/Src/stm32wbxx_hal_pcd_ex.c ****   * Copyright (c) 2019 STMicroelectronics.
  14:Drivers/STM32WBxx_HAL_Driver/Src/stm32wbxx_hal_pcd_ex.c ****   * All rights reserved.
  15:Drivers/STM32WBxx_HAL_Driver/Src/stm32wbxx_hal_pcd_ex.c ****   *
  16:Drivers/STM32WBxx_HAL_Driver/Src/stm32wbxx_hal_pcd_ex.c ****   * This software is licensed under terms that can be found in the LICENSE file
  17:Drivers/STM32WBxx_HAL_Driver/Src/stm32wbxx_hal_pcd_ex.c ****   * in the root directory of this software component.
  18:Drivers/STM32WBxx_HAL_Driver/Src/stm32wbxx_hal_pcd_ex.c ****   * If no LICENSE file comes with this software, it is provided AS-IS.
  19:Drivers/STM32WBxx_HAL_Driver/Src/stm32wbxx_hal_pcd_ex.c ****   *
  20:Drivers/STM32WBxx_HAL_Driver/Src/stm32wbxx_hal_pcd_ex.c ****   ******************************************************************************
  21:Drivers/STM32WBxx_HAL_Driver/Src/stm32wbxx_hal_pcd_ex.c ****   */
  22:Drivers/STM32WBxx_HAL_Driver/Src/stm32wbxx_hal_pcd_ex.c **** 
  23:Drivers/STM32WBxx_HAL_Driver/Src/stm32wbxx_hal_pcd_ex.c **** /* Includes ------------------------------------------------------------------*/
  24:Drivers/STM32WBxx_HAL_Driver/Src/stm32wbxx_hal_pcd_ex.c **** #include "stm32wbxx_hal.h"
  25:Drivers/STM32WBxx_HAL_Driver/Src/stm32wbxx_hal_pcd_ex.c **** 
  26:Drivers/STM32WBxx_HAL_Driver/Src/stm32wbxx_hal_pcd_ex.c **** /** @addtogroup STM32WBxx_HAL_Driver
  27:Drivers/STM32WBxx_HAL_Driver/Src/stm32wbxx_hal_pcd_ex.c ****   * @{
  28:Drivers/STM32WBxx_HAL_Driver/Src/stm32wbxx_hal_pcd_ex.c ****   */
  29:Drivers/STM32WBxx_HAL_Driver/Src/stm32wbxx_hal_pcd_ex.c **** 
ARM GAS  /var/folders/r0/ydptfcq11zg26w5yg1gx1gdc0000gn/T//cckvmDJ5.s 			page 2


  30:Drivers/STM32WBxx_HAL_Driver/Src/stm32wbxx_hal_pcd_ex.c **** /** @defgroup PCDEx PCDEx
  31:Drivers/STM32WBxx_HAL_Driver/Src/stm32wbxx_hal_pcd_ex.c ****   * @brief PCD Extended HAL module driver
  32:Drivers/STM32WBxx_HAL_Driver/Src/stm32wbxx_hal_pcd_ex.c ****   * @{
  33:Drivers/STM32WBxx_HAL_Driver/Src/stm32wbxx_hal_pcd_ex.c ****   */
  34:Drivers/STM32WBxx_HAL_Driver/Src/stm32wbxx_hal_pcd_ex.c **** 
  35:Drivers/STM32WBxx_HAL_Driver/Src/stm32wbxx_hal_pcd_ex.c **** #ifdef HAL_PCD_MODULE_ENABLED
  36:Drivers/STM32WBxx_HAL_Driver/Src/stm32wbxx_hal_pcd_ex.c **** 
  37:Drivers/STM32WBxx_HAL_Driver/Src/stm32wbxx_hal_pcd_ex.c **** #if defined (USB)
  38:Drivers/STM32WBxx_HAL_Driver/Src/stm32wbxx_hal_pcd_ex.c **** /* Private types -------------------------------------------------------------*/
  39:Drivers/STM32WBxx_HAL_Driver/Src/stm32wbxx_hal_pcd_ex.c **** /* Private variables ---------------------------------------------------------*/
  40:Drivers/STM32WBxx_HAL_Driver/Src/stm32wbxx_hal_pcd_ex.c **** /* Private constants ---------------------------------------------------------*/
  41:Drivers/STM32WBxx_HAL_Driver/Src/stm32wbxx_hal_pcd_ex.c **** /* Private macros ------------------------------------------------------------*/
  42:Drivers/STM32WBxx_HAL_Driver/Src/stm32wbxx_hal_pcd_ex.c **** /* Private functions ---------------------------------------------------------*/
  43:Drivers/STM32WBxx_HAL_Driver/Src/stm32wbxx_hal_pcd_ex.c **** /* Exported functions --------------------------------------------------------*/
  44:Drivers/STM32WBxx_HAL_Driver/Src/stm32wbxx_hal_pcd_ex.c **** 
  45:Drivers/STM32WBxx_HAL_Driver/Src/stm32wbxx_hal_pcd_ex.c **** /** @defgroup PCDEx_Exported_Functions PCDEx Exported Functions
  46:Drivers/STM32WBxx_HAL_Driver/Src/stm32wbxx_hal_pcd_ex.c ****   * @{
  47:Drivers/STM32WBxx_HAL_Driver/Src/stm32wbxx_hal_pcd_ex.c ****   */
  48:Drivers/STM32WBxx_HAL_Driver/Src/stm32wbxx_hal_pcd_ex.c **** 
  49:Drivers/STM32WBxx_HAL_Driver/Src/stm32wbxx_hal_pcd_ex.c **** /** @defgroup PCDEx_Exported_Functions_Group1 Peripheral Control functions
  50:Drivers/STM32WBxx_HAL_Driver/Src/stm32wbxx_hal_pcd_ex.c ****   * @brief    PCDEx control functions
  51:Drivers/STM32WBxx_HAL_Driver/Src/stm32wbxx_hal_pcd_ex.c ****   *
  52:Drivers/STM32WBxx_HAL_Driver/Src/stm32wbxx_hal_pcd_ex.c **** @verbatim
  53:Drivers/STM32WBxx_HAL_Driver/Src/stm32wbxx_hal_pcd_ex.c ****  ===============================================================================
  54:Drivers/STM32WBxx_HAL_Driver/Src/stm32wbxx_hal_pcd_ex.c ****                  ##### Extended features functions #####
  55:Drivers/STM32WBxx_HAL_Driver/Src/stm32wbxx_hal_pcd_ex.c ****  ===============================================================================
  56:Drivers/STM32WBxx_HAL_Driver/Src/stm32wbxx_hal_pcd_ex.c ****     [..]  This section provides functions allowing to:
  57:Drivers/STM32WBxx_HAL_Driver/Src/stm32wbxx_hal_pcd_ex.c ****       (+) Update FIFO configuration
  58:Drivers/STM32WBxx_HAL_Driver/Src/stm32wbxx_hal_pcd_ex.c **** 
  59:Drivers/STM32WBxx_HAL_Driver/Src/stm32wbxx_hal_pcd_ex.c **** @endverbatim
  60:Drivers/STM32WBxx_HAL_Driver/Src/stm32wbxx_hal_pcd_ex.c ****   * @{
  61:Drivers/STM32WBxx_HAL_Driver/Src/stm32wbxx_hal_pcd_ex.c ****   */
  62:Drivers/STM32WBxx_HAL_Driver/Src/stm32wbxx_hal_pcd_ex.c **** 
  63:Drivers/STM32WBxx_HAL_Driver/Src/stm32wbxx_hal_pcd_ex.c **** /**
  64:Drivers/STM32WBxx_HAL_Driver/Src/stm32wbxx_hal_pcd_ex.c ****   * @brief  Configure PMA for EP
  65:Drivers/STM32WBxx_HAL_Driver/Src/stm32wbxx_hal_pcd_ex.c ****   * @param  hpcd  Device instance
  66:Drivers/STM32WBxx_HAL_Driver/Src/stm32wbxx_hal_pcd_ex.c ****   * @param  ep_addr endpoint address
  67:Drivers/STM32WBxx_HAL_Driver/Src/stm32wbxx_hal_pcd_ex.c ****   * @param  ep_kind endpoint Kind
  68:Drivers/STM32WBxx_HAL_Driver/Src/stm32wbxx_hal_pcd_ex.c ****   *                  USB_SNG_BUF: Single Buffer used
  69:Drivers/STM32WBxx_HAL_Driver/Src/stm32wbxx_hal_pcd_ex.c ****   *                  USB_DBL_BUF: Double Buffer used
  70:Drivers/STM32WBxx_HAL_Driver/Src/stm32wbxx_hal_pcd_ex.c ****   * @param  pmaadress: EP address in The PMA: In case of single buffer endpoint
  71:Drivers/STM32WBxx_HAL_Driver/Src/stm32wbxx_hal_pcd_ex.c ****   *                   this parameter is 16-bit value providing the address
  72:Drivers/STM32WBxx_HAL_Driver/Src/stm32wbxx_hal_pcd_ex.c ****   *                   in PMA allocated to endpoint.
  73:Drivers/STM32WBxx_HAL_Driver/Src/stm32wbxx_hal_pcd_ex.c ****   *                   In case of double buffer endpoint this parameter
  74:Drivers/STM32WBxx_HAL_Driver/Src/stm32wbxx_hal_pcd_ex.c ****   *                   is a 32-bit value providing the endpoint buffer 0 address
  75:Drivers/STM32WBxx_HAL_Driver/Src/stm32wbxx_hal_pcd_ex.c ****   *                   in the LSB part of 32-bit value and endpoint buffer 1 address
  76:Drivers/STM32WBxx_HAL_Driver/Src/stm32wbxx_hal_pcd_ex.c ****   *                   in the MSB part of 32-bit value.
  77:Drivers/STM32WBxx_HAL_Driver/Src/stm32wbxx_hal_pcd_ex.c ****   * @retval HAL status
  78:Drivers/STM32WBxx_HAL_Driver/Src/stm32wbxx_hal_pcd_ex.c ****   */
  79:Drivers/STM32WBxx_HAL_Driver/Src/stm32wbxx_hal_pcd_ex.c **** 
  80:Drivers/STM32WBxx_HAL_Driver/Src/stm32wbxx_hal_pcd_ex.c **** HAL_StatusTypeDef  HAL_PCDEx_PMAConfig(PCD_HandleTypeDef *hpcd, uint16_t ep_addr,
  81:Drivers/STM32WBxx_HAL_Driver/Src/stm32wbxx_hal_pcd_ex.c ****                                        uint16_t ep_kind, uint32_t pmaadress)
  82:Drivers/STM32WBxx_HAL_Driver/Src/stm32wbxx_hal_pcd_ex.c **** {
  30              		.loc 1 82 1 view -0
  31              		.cfi_startproc
  32              		@ args = 0, pretend = 0, frame = 0
  33              		@ frame_needed = 0, uses_anonymous_args = 0
ARM GAS  /var/folders/r0/ydptfcq11zg26w5yg1gx1gdc0000gn/T//cckvmDJ5.s 			page 3


  34              		@ link register save eliminated.
  83:Drivers/STM32WBxx_HAL_Driver/Src/stm32wbxx_hal_pcd_ex.c ****   PCD_EPTypeDef *ep;
  35              		.loc 1 83 3 view .LVU1
  84:Drivers/STM32WBxx_HAL_Driver/Src/stm32wbxx_hal_pcd_ex.c **** 
  85:Drivers/STM32WBxx_HAL_Driver/Src/stm32wbxx_hal_pcd_ex.c ****   /* initialize ep structure*/
  86:Drivers/STM32WBxx_HAL_Driver/Src/stm32wbxx_hal_pcd_ex.c ****   if ((0x80U & ep_addr) == 0x80U)
  36              		.loc 1 86 3 view .LVU2
  37              		.loc 1 86 6 is_stmt 0 view .LVU3
  38 0000 11F0800F 		tst	r1, #128
  39 0004 0BD0     		beq	.L2
  87:Drivers/STM32WBxx_HAL_Driver/Src/stm32wbxx_hal_pcd_ex.c ****   {
  88:Drivers/STM32WBxx_HAL_Driver/Src/stm32wbxx_hal_pcd_ex.c ****     ep = &hpcd->IN_ep[ep_addr & EP_ADDR_MSK];
  40              		.loc 1 88 5 is_stmt 1 view .LVU4
  41              		.loc 1 88 31 is_stmt 0 view .LVU5
  42 0006 01F00701 		and	r1, r1, #7
  43              	.LVL1:
  44              		.loc 1 88 8 view .LVU6
  45 000a 0131     		adds	r1, r1, #1
  46 000c 01EB8101 		add	r1, r1, r1, lsl #2
  47 0010 00EBC100 		add	r0, r0, r1, lsl #3
  48              	.LVL2:
  49              	.L3:
  89:Drivers/STM32WBxx_HAL_Driver/Src/stm32wbxx_hal_pcd_ex.c ****   }
  90:Drivers/STM32WBxx_HAL_Driver/Src/stm32wbxx_hal_pcd_ex.c ****   else
  91:Drivers/STM32WBxx_HAL_Driver/Src/stm32wbxx_hal_pcd_ex.c ****   {
  92:Drivers/STM32WBxx_HAL_Driver/Src/stm32wbxx_hal_pcd_ex.c ****     ep = &hpcd->OUT_ep[ep_addr];
  93:Drivers/STM32WBxx_HAL_Driver/Src/stm32wbxx_hal_pcd_ex.c ****   }
  94:Drivers/STM32WBxx_HAL_Driver/Src/stm32wbxx_hal_pcd_ex.c **** 
  95:Drivers/STM32WBxx_HAL_Driver/Src/stm32wbxx_hal_pcd_ex.c ****   /* Here we check if the endpoint is single or double Buffer*/
  96:Drivers/STM32WBxx_HAL_Driver/Src/stm32wbxx_hal_pcd_ex.c ****   if (ep_kind == PCD_SNG_BUF)
  50              		.loc 1 96 3 is_stmt 1 view .LVU7
  51              		.loc 1 96 6 is_stmt 0 view .LVU8
  52 0014 52B9     		cbnz	r2, .L4
  97:Drivers/STM32WBxx_HAL_Driver/Src/stm32wbxx_hal_pcd_ex.c ****   {
  98:Drivers/STM32WBxx_HAL_Driver/Src/stm32wbxx_hal_pcd_ex.c ****     /* Single Buffer */
  99:Drivers/STM32WBxx_HAL_Driver/Src/stm32wbxx_hal_pcd_ex.c ****     ep->doublebuffer = 0U;
  53              		.loc 1 99 5 is_stmt 1 view .LVU9
  54              		.loc 1 99 22 is_stmt 0 view .LVU10
  55 0016 0273     		strb	r2, [r0, #12]
 100:Drivers/STM32WBxx_HAL_Driver/Src/stm32wbxx_hal_pcd_ex.c ****     /* Configure the PMA */
 101:Drivers/STM32WBxx_HAL_Driver/Src/stm32wbxx_hal_pcd_ex.c ****     ep->pmaadress = (uint16_t)pmaadress;
  56              		.loc 1 101 5 is_stmt 1 view .LVU11
  57              		.loc 1 101 19 is_stmt 0 view .LVU12
  58 0018 C380     		strh	r3, [r0, #6]	@ movhi
  59              	.LVL3:
  60              	.L5:
 102:Drivers/STM32WBxx_HAL_Driver/Src/stm32wbxx_hal_pcd_ex.c ****   }
 103:Drivers/STM32WBxx_HAL_Driver/Src/stm32wbxx_hal_pcd_ex.c **** #if (USE_USB_DOUBLE_BUFFER == 1U)
 104:Drivers/STM32WBxx_HAL_Driver/Src/stm32wbxx_hal_pcd_ex.c ****   else /* USB_DBL_BUF */
 105:Drivers/STM32WBxx_HAL_Driver/Src/stm32wbxx_hal_pcd_ex.c ****   {
 106:Drivers/STM32WBxx_HAL_Driver/Src/stm32wbxx_hal_pcd_ex.c ****     /* Double Buffer Endpoint */
 107:Drivers/STM32WBxx_HAL_Driver/Src/stm32wbxx_hal_pcd_ex.c ****     ep->doublebuffer = 1U;
 108:Drivers/STM32WBxx_HAL_Driver/Src/stm32wbxx_hal_pcd_ex.c ****     /* Configure the PMA */
 109:Drivers/STM32WBxx_HAL_Driver/Src/stm32wbxx_hal_pcd_ex.c ****     ep->pmaaddr0 = (uint16_t)(pmaadress & 0xFFFFU);
 110:Drivers/STM32WBxx_HAL_Driver/Src/stm32wbxx_hal_pcd_ex.c ****     ep->pmaaddr1 = (uint16_t)((pmaadress & 0xFFFF0000U) >> 16);
 111:Drivers/STM32WBxx_HAL_Driver/Src/stm32wbxx_hal_pcd_ex.c ****   }
 112:Drivers/STM32WBxx_HAL_Driver/Src/stm32wbxx_hal_pcd_ex.c **** #endif /* (USE_USB_DOUBLE_BUFFER == 1U) */
ARM GAS  /var/folders/r0/ydptfcq11zg26w5yg1gx1gdc0000gn/T//cckvmDJ5.s 			page 4


 113:Drivers/STM32WBxx_HAL_Driver/Src/stm32wbxx_hal_pcd_ex.c **** 
 114:Drivers/STM32WBxx_HAL_Driver/Src/stm32wbxx_hal_pcd_ex.c ****   return HAL_OK;
  61              		.loc 1 114 3 is_stmt 1 view .LVU13
 115:Drivers/STM32WBxx_HAL_Driver/Src/stm32wbxx_hal_pcd_ex.c **** }
  62              		.loc 1 115 1 is_stmt 0 view .LVU14
  63 001a 0020     		movs	r0, #0
  64              	.LVL4:
  65              		.loc 1 115 1 view .LVU15
  66 001c 7047     		bx	lr
  67              	.LVL5:
  68              	.L2:
  92:Drivers/STM32WBxx_HAL_Driver/Src/stm32wbxx_hal_pcd_ex.c ****   }
  69              		.loc 1 92 5 is_stmt 1 view .LVU16
  92:Drivers/STM32WBxx_HAL_Driver/Src/stm32wbxx_hal_pcd_ex.c ****   }
  70              		.loc 1 92 8 is_stmt 0 view .LVU17
  71 001e 01EB8101 		add	r1, r1, r1, lsl #2
  72              	.LVL6:
  92:Drivers/STM32WBxx_HAL_Driver/Src/stm32wbxx_hal_pcd_ex.c ****   }
  73              		.loc 1 92 8 view .LVU18
  74 0022 C900     		lsls	r1, r1, #3
  75 0024 01F5B471 		add	r1, r1, #360
  76 0028 0844     		add	r0, r0, r1
  77              	.LVL7:
  92:Drivers/STM32WBxx_HAL_Driver/Src/stm32wbxx_hal_pcd_ex.c ****   }
  78              		.loc 1 92 8 view .LVU19
  79 002a F3E7     		b	.L3
  80              	.L4:
 107:Drivers/STM32WBxx_HAL_Driver/Src/stm32wbxx_hal_pcd_ex.c ****     /* Configure the PMA */
  81              		.loc 1 107 5 is_stmt 1 view .LVU20
 107:Drivers/STM32WBxx_HAL_Driver/Src/stm32wbxx_hal_pcd_ex.c ****     /* Configure the PMA */
  82              		.loc 1 107 22 is_stmt 0 view .LVU21
  83 002c 0122     		movs	r2, #1
  84              	.LVL8:
 107:Drivers/STM32WBxx_HAL_Driver/Src/stm32wbxx_hal_pcd_ex.c ****     /* Configure the PMA */
  85              		.loc 1 107 22 view .LVU22
  86 002e 0273     		strb	r2, [r0, #12]
 109:Drivers/STM32WBxx_HAL_Driver/Src/stm32wbxx_hal_pcd_ex.c ****     ep->pmaaddr1 = (uint16_t)((pmaadress & 0xFFFF0000U) >> 16);
  87              		.loc 1 109 5 is_stmt 1 view .LVU23
 109:Drivers/STM32WBxx_HAL_Driver/Src/stm32wbxx_hal_pcd_ex.c ****     ep->pmaaddr1 = (uint16_t)((pmaadress & 0xFFFF0000U) >> 16);
  88              		.loc 1 109 18 is_stmt 0 view .LVU24
  89 0030 0381     		strh	r3, [r0, #8]	@ movhi
 110:Drivers/STM32WBxx_HAL_Driver/Src/stm32wbxx_hal_pcd_ex.c ****   }
  90              		.loc 1 110 5 is_stmt 1 view .LVU25
 110:Drivers/STM32WBxx_HAL_Driver/Src/stm32wbxx_hal_pcd_ex.c ****   }
  91              		.loc 1 110 20 is_stmt 0 view .LVU26
  92 0032 1B0C     		lsrs	r3, r3, #16
  93              	.LVL9:
 110:Drivers/STM32WBxx_HAL_Driver/Src/stm32wbxx_hal_pcd_ex.c ****   }
  94              		.loc 1 110 18 view .LVU27
  95 0034 4381     		strh	r3, [r0, #10]	@ movhi
  96 0036 F0E7     		b	.L5
  97              		.cfi_endproc
  98              	.LFE1104:
 100              		.section	.text.HAL_PCDEx_ActivateBCD,"ax",%progbits
 101              		.align	1
 102              		.global	HAL_PCDEx_ActivateBCD
 103              		.syntax unified
ARM GAS  /var/folders/r0/ydptfcq11zg26w5yg1gx1gdc0000gn/T//cckvmDJ5.s 			page 5


 104              		.thumb
 105              		.thumb_func
 107              	HAL_PCDEx_ActivateBCD:
 108              	.LVL10:
 109              	.LFB1105:
 116:Drivers/STM32WBxx_HAL_Driver/Src/stm32wbxx_hal_pcd_ex.c **** 
 117:Drivers/STM32WBxx_HAL_Driver/Src/stm32wbxx_hal_pcd_ex.c **** /**
 118:Drivers/STM32WBxx_HAL_Driver/Src/stm32wbxx_hal_pcd_ex.c ****   * @brief  Activate BatteryCharging feature.
 119:Drivers/STM32WBxx_HAL_Driver/Src/stm32wbxx_hal_pcd_ex.c ****   * @param  hpcd PCD handle
 120:Drivers/STM32WBxx_HAL_Driver/Src/stm32wbxx_hal_pcd_ex.c ****   * @retval HAL status
 121:Drivers/STM32WBxx_HAL_Driver/Src/stm32wbxx_hal_pcd_ex.c ****   */
 122:Drivers/STM32WBxx_HAL_Driver/Src/stm32wbxx_hal_pcd_ex.c **** HAL_StatusTypeDef HAL_PCDEx_ActivateBCD(PCD_HandleTypeDef *hpcd)
 123:Drivers/STM32WBxx_HAL_Driver/Src/stm32wbxx_hal_pcd_ex.c **** {
 110              		.loc 1 123 1 is_stmt 1 view -0
 111              		.cfi_startproc
 112              		@ args = 0, pretend = 0, frame = 0
 113              		@ frame_needed = 0, uses_anonymous_args = 0
 114              		@ link register save eliminated.
 124:Drivers/STM32WBxx_HAL_Driver/Src/stm32wbxx_hal_pcd_ex.c ****   USB_TypeDef *USBx = hpcd->Instance;
 115              		.loc 1 124 3 view .LVU29
 116              		.loc 1 124 16 is_stmt 0 view .LVU30
 117 0000 0368     		ldr	r3, [r0]
 118              	.LVL11:
 125:Drivers/STM32WBxx_HAL_Driver/Src/stm32wbxx_hal_pcd_ex.c ****   hpcd->battery_charging_active = 1U;
 119              		.loc 1 125 3 is_stmt 1 view .LVU31
 120              		.loc 1 125 33 is_stmt 0 view .LVU32
 121 0002 0122     		movs	r2, #1
 122 0004 C0F8EC22 		str	r2, [r0, #748]
 126:Drivers/STM32WBxx_HAL_Driver/Src/stm32wbxx_hal_pcd_ex.c **** 
 127:Drivers/STM32WBxx_HAL_Driver/Src/stm32wbxx_hal_pcd_ex.c ****   /* Enable BCD feature */
 128:Drivers/STM32WBxx_HAL_Driver/Src/stm32wbxx_hal_pcd_ex.c ****   USBx->BCDR |= USB_BCDR_BCDEN;
 123              		.loc 1 128 3 is_stmt 1 view .LVU33
 124              		.loc 1 128 14 is_stmt 0 view .LVU34
 125 0008 B3F85820 		ldrh	r2, [r3, #88]
 126 000c 92B2     		uxth	r2, r2
 127 000e 42F00102 		orr	r2, r2, #1
 128 0012 A3F85820 		strh	r2, [r3, #88]	@ movhi
 129:Drivers/STM32WBxx_HAL_Driver/Src/stm32wbxx_hal_pcd_ex.c **** 
 130:Drivers/STM32WBxx_HAL_Driver/Src/stm32wbxx_hal_pcd_ex.c ****   /* Enable DCD : Data Contact Detect */
 131:Drivers/STM32WBxx_HAL_Driver/Src/stm32wbxx_hal_pcd_ex.c ****   USBx->BCDR &= ~(USB_BCDR_PDEN);
 129              		.loc 1 131 3 is_stmt 1 view .LVU35
 130              		.loc 1 131 14 is_stmt 0 view .LVU36
 131 0016 B3F85820 		ldrh	r2, [r3, #88]
 132 001a 92B2     		uxth	r2, r2
 133 001c 22F00402 		bic	r2, r2, #4
 134 0020 92B2     		uxth	r2, r2
 135 0022 A3F85820 		strh	r2, [r3, #88]	@ movhi
 132:Drivers/STM32WBxx_HAL_Driver/Src/stm32wbxx_hal_pcd_ex.c ****   USBx->BCDR &= ~(USB_BCDR_SDEN);
 136              		.loc 1 132 3 is_stmt 1 view .LVU37
 137              		.loc 1 132 14 is_stmt 0 view .LVU38
 138 0026 B3F85820 		ldrh	r2, [r3, #88]
 139 002a 92B2     		uxth	r2, r2
 140 002c 22F00802 		bic	r2, r2, #8
 141 0030 92B2     		uxth	r2, r2
 142 0032 A3F85820 		strh	r2, [r3, #88]	@ movhi
 133:Drivers/STM32WBxx_HAL_Driver/Src/stm32wbxx_hal_pcd_ex.c ****   USBx->BCDR |= USB_BCDR_DCDEN;
 143              		.loc 1 133 3 is_stmt 1 view .LVU39
ARM GAS  /var/folders/r0/ydptfcq11zg26w5yg1gx1gdc0000gn/T//cckvmDJ5.s 			page 6


 144              		.loc 1 133 14 is_stmt 0 view .LVU40
 145 0036 B3F85820 		ldrh	r2, [r3, #88]
 146 003a 92B2     		uxth	r2, r2
 147 003c 42F00202 		orr	r2, r2, #2
 148 0040 A3F85820 		strh	r2, [r3, #88]	@ movhi
 134:Drivers/STM32WBxx_HAL_Driver/Src/stm32wbxx_hal_pcd_ex.c **** 
 135:Drivers/STM32WBxx_HAL_Driver/Src/stm32wbxx_hal_pcd_ex.c ****   return HAL_OK;
 149              		.loc 1 135 3 is_stmt 1 view .LVU41
 136:Drivers/STM32WBxx_HAL_Driver/Src/stm32wbxx_hal_pcd_ex.c **** }
 150              		.loc 1 136 1 is_stmt 0 view .LVU42
 151 0044 0020     		movs	r0, #0
 152              	.LVL12:
 153              		.loc 1 136 1 view .LVU43
 154 0046 7047     		bx	lr
 155              		.cfi_endproc
 156              	.LFE1105:
 158              		.section	.text.HAL_PCDEx_DeActivateBCD,"ax",%progbits
 159              		.align	1
 160              		.global	HAL_PCDEx_DeActivateBCD
 161              		.syntax unified
 162              		.thumb
 163              		.thumb_func
 165              	HAL_PCDEx_DeActivateBCD:
 166              	.LVL13:
 167              	.LFB1106:
 137:Drivers/STM32WBxx_HAL_Driver/Src/stm32wbxx_hal_pcd_ex.c **** 
 138:Drivers/STM32WBxx_HAL_Driver/Src/stm32wbxx_hal_pcd_ex.c **** /**
 139:Drivers/STM32WBxx_HAL_Driver/Src/stm32wbxx_hal_pcd_ex.c ****   * @brief  Deactivate BatteryCharging feature.
 140:Drivers/STM32WBxx_HAL_Driver/Src/stm32wbxx_hal_pcd_ex.c ****   * @param  hpcd PCD handle
 141:Drivers/STM32WBxx_HAL_Driver/Src/stm32wbxx_hal_pcd_ex.c ****   * @retval HAL status
 142:Drivers/STM32WBxx_HAL_Driver/Src/stm32wbxx_hal_pcd_ex.c ****   */
 143:Drivers/STM32WBxx_HAL_Driver/Src/stm32wbxx_hal_pcd_ex.c **** HAL_StatusTypeDef HAL_PCDEx_DeActivateBCD(PCD_HandleTypeDef *hpcd)
 144:Drivers/STM32WBxx_HAL_Driver/Src/stm32wbxx_hal_pcd_ex.c **** {
 168              		.loc 1 144 1 is_stmt 1 view -0
 169              		.cfi_startproc
 170              		@ args = 0, pretend = 0, frame = 0
 171              		@ frame_needed = 0, uses_anonymous_args = 0
 172              		@ link register save eliminated.
 173              		.loc 1 144 1 is_stmt 0 view .LVU45
 174 0000 0346     		mov	r3, r0
 145:Drivers/STM32WBxx_HAL_Driver/Src/stm32wbxx_hal_pcd_ex.c ****   USB_TypeDef *USBx = hpcd->Instance;
 175              		.loc 1 145 3 is_stmt 1 view .LVU46
 176              		.loc 1 145 16 is_stmt 0 view .LVU47
 177 0002 0268     		ldr	r2, [r0]
 178              	.LVL14:
 146:Drivers/STM32WBxx_HAL_Driver/Src/stm32wbxx_hal_pcd_ex.c ****   hpcd->battery_charging_active = 0U;
 179              		.loc 1 146 3 is_stmt 1 view .LVU48
 180              		.loc 1 146 33 is_stmt 0 view .LVU49
 181 0004 0020     		movs	r0, #0
 182              	.LVL15:
 183              		.loc 1 146 33 view .LVU50
 184 0006 C3F8EC02 		str	r0, [r3, #748]
 147:Drivers/STM32WBxx_HAL_Driver/Src/stm32wbxx_hal_pcd_ex.c **** 
 148:Drivers/STM32WBxx_HAL_Driver/Src/stm32wbxx_hal_pcd_ex.c ****   /* Disable BCD feature */
 149:Drivers/STM32WBxx_HAL_Driver/Src/stm32wbxx_hal_pcd_ex.c ****   USBx->BCDR &= ~(USB_BCDR_BCDEN);
 185              		.loc 1 149 3 is_stmt 1 view .LVU51
 186              		.loc 1 149 14 is_stmt 0 view .LVU52
ARM GAS  /var/folders/r0/ydptfcq11zg26w5yg1gx1gdc0000gn/T//cckvmDJ5.s 			page 7


 187 000a B2F85830 		ldrh	r3, [r2, #88]
 188              	.LVL16:
 189              		.loc 1 149 14 view .LVU53
 190 000e 9BB2     		uxth	r3, r3
 191 0010 23F00103 		bic	r3, r3, #1
 192 0014 9BB2     		uxth	r3, r3
 193 0016 A2F85830 		strh	r3, [r2, #88]	@ movhi
 150:Drivers/STM32WBxx_HAL_Driver/Src/stm32wbxx_hal_pcd_ex.c **** 
 151:Drivers/STM32WBxx_HAL_Driver/Src/stm32wbxx_hal_pcd_ex.c ****   return HAL_OK;
 194              		.loc 1 151 3 is_stmt 1 view .LVU54
 152:Drivers/STM32WBxx_HAL_Driver/Src/stm32wbxx_hal_pcd_ex.c **** }
 195              		.loc 1 152 1 is_stmt 0 view .LVU55
 196 001a 7047     		bx	lr
 197              		.cfi_endproc
 198              	.LFE1106:
 200              		.section	.text.HAL_PCDEx_ActivateLPM,"ax",%progbits
 201              		.align	1
 202              		.global	HAL_PCDEx_ActivateLPM
 203              		.syntax unified
 204              		.thumb
 205              		.thumb_func
 207              	HAL_PCDEx_ActivateLPM:
 208              	.LVL17:
 209              	.LFB1108:
 153:Drivers/STM32WBxx_HAL_Driver/Src/stm32wbxx_hal_pcd_ex.c **** 
 154:Drivers/STM32WBxx_HAL_Driver/Src/stm32wbxx_hal_pcd_ex.c **** /**
 155:Drivers/STM32WBxx_HAL_Driver/Src/stm32wbxx_hal_pcd_ex.c ****   * @brief  Handle BatteryCharging Process.
 156:Drivers/STM32WBxx_HAL_Driver/Src/stm32wbxx_hal_pcd_ex.c ****   * @param  hpcd PCD handle
 157:Drivers/STM32WBxx_HAL_Driver/Src/stm32wbxx_hal_pcd_ex.c ****   * @retval HAL status
 158:Drivers/STM32WBxx_HAL_Driver/Src/stm32wbxx_hal_pcd_ex.c ****   */
 159:Drivers/STM32WBxx_HAL_Driver/Src/stm32wbxx_hal_pcd_ex.c **** void HAL_PCDEx_BCD_VBUSDetect(PCD_HandleTypeDef *hpcd)
 160:Drivers/STM32WBxx_HAL_Driver/Src/stm32wbxx_hal_pcd_ex.c **** {
 161:Drivers/STM32WBxx_HAL_Driver/Src/stm32wbxx_hal_pcd_ex.c ****   USB_TypeDef *USBx = hpcd->Instance;
 162:Drivers/STM32WBxx_HAL_Driver/Src/stm32wbxx_hal_pcd_ex.c ****   uint32_t tickstart = HAL_GetTick();
 163:Drivers/STM32WBxx_HAL_Driver/Src/stm32wbxx_hal_pcd_ex.c **** 
 164:Drivers/STM32WBxx_HAL_Driver/Src/stm32wbxx_hal_pcd_ex.c ****   /* Wait for Min DCD Timeout */
 165:Drivers/STM32WBxx_HAL_Driver/Src/stm32wbxx_hal_pcd_ex.c ****   HAL_Delay(300U);
 166:Drivers/STM32WBxx_HAL_Driver/Src/stm32wbxx_hal_pcd_ex.c **** 
 167:Drivers/STM32WBxx_HAL_Driver/Src/stm32wbxx_hal_pcd_ex.c ****   /* Data Pin Contact ? Check Detect flag */
 168:Drivers/STM32WBxx_HAL_Driver/Src/stm32wbxx_hal_pcd_ex.c ****   if ((USBx->BCDR & USB_BCDR_DCDET) == USB_BCDR_DCDET)
 169:Drivers/STM32WBxx_HAL_Driver/Src/stm32wbxx_hal_pcd_ex.c ****   {
 170:Drivers/STM32WBxx_HAL_Driver/Src/stm32wbxx_hal_pcd_ex.c **** #if (USE_HAL_PCD_REGISTER_CALLBACKS == 1U)
 171:Drivers/STM32WBxx_HAL_Driver/Src/stm32wbxx_hal_pcd_ex.c ****     hpcd->BCDCallback(hpcd, PCD_BCD_CONTACT_DETECTION);
 172:Drivers/STM32WBxx_HAL_Driver/Src/stm32wbxx_hal_pcd_ex.c **** #else
 173:Drivers/STM32WBxx_HAL_Driver/Src/stm32wbxx_hal_pcd_ex.c ****     HAL_PCDEx_BCD_Callback(hpcd, PCD_BCD_CONTACT_DETECTION);
 174:Drivers/STM32WBxx_HAL_Driver/Src/stm32wbxx_hal_pcd_ex.c **** #endif /* USE_HAL_PCD_REGISTER_CALLBACKS */
 175:Drivers/STM32WBxx_HAL_Driver/Src/stm32wbxx_hal_pcd_ex.c ****   }
 176:Drivers/STM32WBxx_HAL_Driver/Src/stm32wbxx_hal_pcd_ex.c ****   /* Primary detection: checks if connected to Standard Downstream Port
 177:Drivers/STM32WBxx_HAL_Driver/Src/stm32wbxx_hal_pcd_ex.c ****   (without charging capability) */
 178:Drivers/STM32WBxx_HAL_Driver/Src/stm32wbxx_hal_pcd_ex.c ****   USBx->BCDR &= ~(USB_BCDR_DCDEN);
 179:Drivers/STM32WBxx_HAL_Driver/Src/stm32wbxx_hal_pcd_ex.c ****   HAL_Delay(50U);
 180:Drivers/STM32WBxx_HAL_Driver/Src/stm32wbxx_hal_pcd_ex.c ****   USBx->BCDR |= (USB_BCDR_PDEN);
 181:Drivers/STM32WBxx_HAL_Driver/Src/stm32wbxx_hal_pcd_ex.c ****   HAL_Delay(50U);
 182:Drivers/STM32WBxx_HAL_Driver/Src/stm32wbxx_hal_pcd_ex.c **** 
 183:Drivers/STM32WBxx_HAL_Driver/Src/stm32wbxx_hal_pcd_ex.c ****   /* If Charger detect ? */
 184:Drivers/STM32WBxx_HAL_Driver/Src/stm32wbxx_hal_pcd_ex.c ****   if ((USBx->BCDR & USB_BCDR_PDET) == USB_BCDR_PDET)
 185:Drivers/STM32WBxx_HAL_Driver/Src/stm32wbxx_hal_pcd_ex.c ****   {
ARM GAS  /var/folders/r0/ydptfcq11zg26w5yg1gx1gdc0000gn/T//cckvmDJ5.s 			page 8


 186:Drivers/STM32WBxx_HAL_Driver/Src/stm32wbxx_hal_pcd_ex.c ****     /* Start secondary detection to check connection to Charging Downstream
 187:Drivers/STM32WBxx_HAL_Driver/Src/stm32wbxx_hal_pcd_ex.c ****     Port or Dedicated Charging Port */
 188:Drivers/STM32WBxx_HAL_Driver/Src/stm32wbxx_hal_pcd_ex.c ****     USBx->BCDR &= ~(USB_BCDR_PDEN);
 189:Drivers/STM32WBxx_HAL_Driver/Src/stm32wbxx_hal_pcd_ex.c ****     HAL_Delay(50U);
 190:Drivers/STM32WBxx_HAL_Driver/Src/stm32wbxx_hal_pcd_ex.c ****     USBx->BCDR |= (USB_BCDR_SDEN);
 191:Drivers/STM32WBxx_HAL_Driver/Src/stm32wbxx_hal_pcd_ex.c ****     HAL_Delay(50U);
 192:Drivers/STM32WBxx_HAL_Driver/Src/stm32wbxx_hal_pcd_ex.c **** 
 193:Drivers/STM32WBxx_HAL_Driver/Src/stm32wbxx_hal_pcd_ex.c ****     /* If CDP ? */
 194:Drivers/STM32WBxx_HAL_Driver/Src/stm32wbxx_hal_pcd_ex.c ****     if ((USBx->BCDR & USB_BCDR_SDET) == USB_BCDR_SDET)
 195:Drivers/STM32WBxx_HAL_Driver/Src/stm32wbxx_hal_pcd_ex.c ****     {
 196:Drivers/STM32WBxx_HAL_Driver/Src/stm32wbxx_hal_pcd_ex.c ****       /* Dedicated Downstream Port DCP */
 197:Drivers/STM32WBxx_HAL_Driver/Src/stm32wbxx_hal_pcd_ex.c **** #if (USE_HAL_PCD_REGISTER_CALLBACKS == 1U)
 198:Drivers/STM32WBxx_HAL_Driver/Src/stm32wbxx_hal_pcd_ex.c ****       hpcd->BCDCallback(hpcd, PCD_BCD_DEDICATED_CHARGING_PORT);
 199:Drivers/STM32WBxx_HAL_Driver/Src/stm32wbxx_hal_pcd_ex.c **** #else
 200:Drivers/STM32WBxx_HAL_Driver/Src/stm32wbxx_hal_pcd_ex.c ****       HAL_PCDEx_BCD_Callback(hpcd, PCD_BCD_DEDICATED_CHARGING_PORT);
 201:Drivers/STM32WBxx_HAL_Driver/Src/stm32wbxx_hal_pcd_ex.c **** #endif /* USE_HAL_PCD_REGISTER_CALLBACKS */
 202:Drivers/STM32WBxx_HAL_Driver/Src/stm32wbxx_hal_pcd_ex.c ****     }
 203:Drivers/STM32WBxx_HAL_Driver/Src/stm32wbxx_hal_pcd_ex.c ****     else
 204:Drivers/STM32WBxx_HAL_Driver/Src/stm32wbxx_hal_pcd_ex.c ****     {
 205:Drivers/STM32WBxx_HAL_Driver/Src/stm32wbxx_hal_pcd_ex.c ****       /* Charging Downstream Port CDP */
 206:Drivers/STM32WBxx_HAL_Driver/Src/stm32wbxx_hal_pcd_ex.c **** #if (USE_HAL_PCD_REGISTER_CALLBACKS == 1U)
 207:Drivers/STM32WBxx_HAL_Driver/Src/stm32wbxx_hal_pcd_ex.c ****       hpcd->BCDCallback(hpcd, PCD_BCD_CHARGING_DOWNSTREAM_PORT);
 208:Drivers/STM32WBxx_HAL_Driver/Src/stm32wbxx_hal_pcd_ex.c **** #else
 209:Drivers/STM32WBxx_HAL_Driver/Src/stm32wbxx_hal_pcd_ex.c ****       HAL_PCDEx_BCD_Callback(hpcd, PCD_BCD_CHARGING_DOWNSTREAM_PORT);
 210:Drivers/STM32WBxx_HAL_Driver/Src/stm32wbxx_hal_pcd_ex.c **** #endif /* USE_HAL_PCD_REGISTER_CALLBACKS */
 211:Drivers/STM32WBxx_HAL_Driver/Src/stm32wbxx_hal_pcd_ex.c ****     }
 212:Drivers/STM32WBxx_HAL_Driver/Src/stm32wbxx_hal_pcd_ex.c ****   }
 213:Drivers/STM32WBxx_HAL_Driver/Src/stm32wbxx_hal_pcd_ex.c ****   else /* NO */
 214:Drivers/STM32WBxx_HAL_Driver/Src/stm32wbxx_hal_pcd_ex.c ****   {
 215:Drivers/STM32WBxx_HAL_Driver/Src/stm32wbxx_hal_pcd_ex.c ****     /* Standard Downstream Port */
 216:Drivers/STM32WBxx_HAL_Driver/Src/stm32wbxx_hal_pcd_ex.c **** #if (USE_HAL_PCD_REGISTER_CALLBACKS == 1U)
 217:Drivers/STM32WBxx_HAL_Driver/Src/stm32wbxx_hal_pcd_ex.c ****     hpcd->BCDCallback(hpcd, PCD_BCD_STD_DOWNSTREAM_PORT);
 218:Drivers/STM32WBxx_HAL_Driver/Src/stm32wbxx_hal_pcd_ex.c **** #else
 219:Drivers/STM32WBxx_HAL_Driver/Src/stm32wbxx_hal_pcd_ex.c ****     HAL_PCDEx_BCD_Callback(hpcd, PCD_BCD_STD_DOWNSTREAM_PORT);
 220:Drivers/STM32WBxx_HAL_Driver/Src/stm32wbxx_hal_pcd_ex.c **** #endif /* USE_HAL_PCD_REGISTER_CALLBACKS */
 221:Drivers/STM32WBxx_HAL_Driver/Src/stm32wbxx_hal_pcd_ex.c ****   }
 222:Drivers/STM32WBxx_HAL_Driver/Src/stm32wbxx_hal_pcd_ex.c **** 
 223:Drivers/STM32WBxx_HAL_Driver/Src/stm32wbxx_hal_pcd_ex.c ****   /* Battery Charging capability discovery finished Start Enumeration */
 224:Drivers/STM32WBxx_HAL_Driver/Src/stm32wbxx_hal_pcd_ex.c ****   (void)HAL_PCDEx_DeActivateBCD(hpcd);
 225:Drivers/STM32WBxx_HAL_Driver/Src/stm32wbxx_hal_pcd_ex.c **** 
 226:Drivers/STM32WBxx_HAL_Driver/Src/stm32wbxx_hal_pcd_ex.c ****   /* Check for the Timeout, else start USB Device */
 227:Drivers/STM32WBxx_HAL_Driver/Src/stm32wbxx_hal_pcd_ex.c ****   if ((HAL_GetTick() - tickstart) > 1000U)
 228:Drivers/STM32WBxx_HAL_Driver/Src/stm32wbxx_hal_pcd_ex.c ****   {
 229:Drivers/STM32WBxx_HAL_Driver/Src/stm32wbxx_hal_pcd_ex.c **** #if (USE_HAL_PCD_REGISTER_CALLBACKS == 1U)
 230:Drivers/STM32WBxx_HAL_Driver/Src/stm32wbxx_hal_pcd_ex.c ****     hpcd->BCDCallback(hpcd, PCD_BCD_ERROR);
 231:Drivers/STM32WBxx_HAL_Driver/Src/stm32wbxx_hal_pcd_ex.c **** #else
 232:Drivers/STM32WBxx_HAL_Driver/Src/stm32wbxx_hal_pcd_ex.c ****     HAL_PCDEx_BCD_Callback(hpcd, PCD_BCD_ERROR);
 233:Drivers/STM32WBxx_HAL_Driver/Src/stm32wbxx_hal_pcd_ex.c **** #endif /* USE_HAL_PCD_REGISTER_CALLBACKS */
 234:Drivers/STM32WBxx_HAL_Driver/Src/stm32wbxx_hal_pcd_ex.c ****   }
 235:Drivers/STM32WBxx_HAL_Driver/Src/stm32wbxx_hal_pcd_ex.c ****   else
 236:Drivers/STM32WBxx_HAL_Driver/Src/stm32wbxx_hal_pcd_ex.c ****   {
 237:Drivers/STM32WBxx_HAL_Driver/Src/stm32wbxx_hal_pcd_ex.c **** #if (USE_HAL_PCD_REGISTER_CALLBACKS == 1U)
 238:Drivers/STM32WBxx_HAL_Driver/Src/stm32wbxx_hal_pcd_ex.c ****     hpcd->BCDCallback(hpcd, PCD_BCD_DISCOVERY_COMPLETED);
 239:Drivers/STM32WBxx_HAL_Driver/Src/stm32wbxx_hal_pcd_ex.c **** #else
 240:Drivers/STM32WBxx_HAL_Driver/Src/stm32wbxx_hal_pcd_ex.c ****     HAL_PCDEx_BCD_Callback(hpcd, PCD_BCD_DISCOVERY_COMPLETED);
 241:Drivers/STM32WBxx_HAL_Driver/Src/stm32wbxx_hal_pcd_ex.c **** #endif /* USE_HAL_PCD_REGISTER_CALLBACKS */
 242:Drivers/STM32WBxx_HAL_Driver/Src/stm32wbxx_hal_pcd_ex.c ****   }
ARM GAS  /var/folders/r0/ydptfcq11zg26w5yg1gx1gdc0000gn/T//cckvmDJ5.s 			page 9


 243:Drivers/STM32WBxx_HAL_Driver/Src/stm32wbxx_hal_pcd_ex.c **** }
 244:Drivers/STM32WBxx_HAL_Driver/Src/stm32wbxx_hal_pcd_ex.c **** 
 245:Drivers/STM32WBxx_HAL_Driver/Src/stm32wbxx_hal_pcd_ex.c **** 
 246:Drivers/STM32WBxx_HAL_Driver/Src/stm32wbxx_hal_pcd_ex.c **** /**
 247:Drivers/STM32WBxx_HAL_Driver/Src/stm32wbxx_hal_pcd_ex.c ****   * @brief  Activate LPM feature.
 248:Drivers/STM32WBxx_HAL_Driver/Src/stm32wbxx_hal_pcd_ex.c ****   * @param  hpcd PCD handle
 249:Drivers/STM32WBxx_HAL_Driver/Src/stm32wbxx_hal_pcd_ex.c ****   * @retval HAL status
 250:Drivers/STM32WBxx_HAL_Driver/Src/stm32wbxx_hal_pcd_ex.c ****   */
 251:Drivers/STM32WBxx_HAL_Driver/Src/stm32wbxx_hal_pcd_ex.c **** HAL_StatusTypeDef HAL_PCDEx_ActivateLPM(PCD_HandleTypeDef *hpcd)
 252:Drivers/STM32WBxx_HAL_Driver/Src/stm32wbxx_hal_pcd_ex.c **** {
 210              		.loc 1 252 1 is_stmt 1 view -0
 211              		.cfi_startproc
 212              		@ args = 0, pretend = 0, frame = 0
 213              		@ frame_needed = 0, uses_anonymous_args = 0
 214              		@ link register save eliminated.
 215              		.loc 1 252 1 is_stmt 0 view .LVU57
 216 0000 0346     		mov	r3, r0
 253:Drivers/STM32WBxx_HAL_Driver/Src/stm32wbxx_hal_pcd_ex.c **** 
 254:Drivers/STM32WBxx_HAL_Driver/Src/stm32wbxx_hal_pcd_ex.c ****   USB_TypeDef *USBx = hpcd->Instance;
 217              		.loc 1 254 3 is_stmt 1 view .LVU58
 218              		.loc 1 254 16 is_stmt 0 view .LVU59
 219 0002 0268     		ldr	r2, [r0]
 220              	.LVL18:
 255:Drivers/STM32WBxx_HAL_Driver/Src/stm32wbxx_hal_pcd_ex.c ****   hpcd->lpm_active = 1U;
 221              		.loc 1 255 3 is_stmt 1 view .LVU60
 222              		.loc 1 255 20 is_stmt 0 view .LVU61
 223 0004 0121     		movs	r1, #1
 224 0006 C0F8E812 		str	r1, [r0, #744]
 256:Drivers/STM32WBxx_HAL_Driver/Src/stm32wbxx_hal_pcd_ex.c ****   hpcd->LPM_State = LPM_L0;
 225              		.loc 1 256 3 is_stmt 1 view .LVU62
 226              		.loc 1 256 19 is_stmt 0 view .LVU63
 227 000a 0020     		movs	r0, #0
 228              	.LVL19:
 229              		.loc 1 256 19 view .LVU64
 230 000c 83F8E002 		strb	r0, [r3, #736]
 257:Drivers/STM32WBxx_HAL_Driver/Src/stm32wbxx_hal_pcd_ex.c **** 
 258:Drivers/STM32WBxx_HAL_Driver/Src/stm32wbxx_hal_pcd_ex.c ****   USBx->LPMCSR |= USB_LPMCSR_LMPEN;
 231              		.loc 1 258 3 is_stmt 1 view .LVU65
 232              		.loc 1 258 16 is_stmt 0 view .LVU66
 233 0010 B2F85430 		ldrh	r3, [r2, #84]
 234              	.LVL20:
 235              		.loc 1 258 16 view .LVU67
 236 0014 9BB2     		uxth	r3, r3
 237 0016 0B43     		orrs	r3, r3, r1
 238 0018 A2F85430 		strh	r3, [r2, #84]	@ movhi
 259:Drivers/STM32WBxx_HAL_Driver/Src/stm32wbxx_hal_pcd_ex.c ****   USBx->LPMCSR |= USB_LPMCSR_LPMACK;
 239              		.loc 1 259 3 is_stmt 1 view .LVU68
 240              		.loc 1 259 16 is_stmt 0 view .LVU69
 241 001c B2F85430 		ldrh	r3, [r2, #84]
 242 0020 9BB2     		uxth	r3, r3
 243 0022 43F00203 		orr	r3, r3, #2
 244 0026 A2F85430 		strh	r3, [r2, #84]	@ movhi
 260:Drivers/STM32WBxx_HAL_Driver/Src/stm32wbxx_hal_pcd_ex.c **** 
 261:Drivers/STM32WBxx_HAL_Driver/Src/stm32wbxx_hal_pcd_ex.c ****   return HAL_OK;
 245              		.loc 1 261 3 is_stmt 1 view .LVU70
 262:Drivers/STM32WBxx_HAL_Driver/Src/stm32wbxx_hal_pcd_ex.c **** }
 246              		.loc 1 262 1 is_stmt 0 view .LVU71
ARM GAS  /var/folders/r0/ydptfcq11zg26w5yg1gx1gdc0000gn/T//cckvmDJ5.s 			page 10


 247 002a 7047     		bx	lr
 248              		.cfi_endproc
 249              	.LFE1108:
 251              		.section	.text.HAL_PCDEx_DeActivateLPM,"ax",%progbits
 252              		.align	1
 253              		.global	HAL_PCDEx_DeActivateLPM
 254              		.syntax unified
 255              		.thumb
 256              		.thumb_func
 258              	HAL_PCDEx_DeActivateLPM:
 259              	.LVL21:
 260              	.LFB1109:
 263:Drivers/STM32WBxx_HAL_Driver/Src/stm32wbxx_hal_pcd_ex.c **** 
 264:Drivers/STM32WBxx_HAL_Driver/Src/stm32wbxx_hal_pcd_ex.c **** /**
 265:Drivers/STM32WBxx_HAL_Driver/Src/stm32wbxx_hal_pcd_ex.c ****   * @brief  Deactivate LPM feature.
 266:Drivers/STM32WBxx_HAL_Driver/Src/stm32wbxx_hal_pcd_ex.c ****   * @param  hpcd PCD handle
 267:Drivers/STM32WBxx_HAL_Driver/Src/stm32wbxx_hal_pcd_ex.c ****   * @retval HAL status
 268:Drivers/STM32WBxx_HAL_Driver/Src/stm32wbxx_hal_pcd_ex.c ****   */
 269:Drivers/STM32WBxx_HAL_Driver/Src/stm32wbxx_hal_pcd_ex.c **** HAL_StatusTypeDef HAL_PCDEx_DeActivateLPM(PCD_HandleTypeDef *hpcd)
 270:Drivers/STM32WBxx_HAL_Driver/Src/stm32wbxx_hal_pcd_ex.c **** {
 261              		.loc 1 270 1 is_stmt 1 view -0
 262              		.cfi_startproc
 263              		@ args = 0, pretend = 0, frame = 0
 264              		@ frame_needed = 0, uses_anonymous_args = 0
 265              		@ link register save eliminated.
 266              		.loc 1 270 1 is_stmt 0 view .LVU73
 267 0000 0346     		mov	r3, r0
 271:Drivers/STM32WBxx_HAL_Driver/Src/stm32wbxx_hal_pcd_ex.c ****   USB_TypeDef *USBx = hpcd->Instance;
 268              		.loc 1 271 3 is_stmt 1 view .LVU74
 269              		.loc 1 271 16 is_stmt 0 view .LVU75
 270 0002 0268     		ldr	r2, [r0]
 271              	.LVL22:
 272:Drivers/STM32WBxx_HAL_Driver/Src/stm32wbxx_hal_pcd_ex.c **** 
 273:Drivers/STM32WBxx_HAL_Driver/Src/stm32wbxx_hal_pcd_ex.c ****   hpcd->lpm_active = 0U;
 272              		.loc 1 273 3 is_stmt 1 view .LVU76
 273              		.loc 1 273 20 is_stmt 0 view .LVU77
 274 0004 0020     		movs	r0, #0
 275              	.LVL23:
 276              		.loc 1 273 20 view .LVU78
 277 0006 C3F8E802 		str	r0, [r3, #744]
 274:Drivers/STM32WBxx_HAL_Driver/Src/stm32wbxx_hal_pcd_ex.c **** 
 275:Drivers/STM32WBxx_HAL_Driver/Src/stm32wbxx_hal_pcd_ex.c ****   USBx->LPMCSR &= ~(USB_LPMCSR_LMPEN);
 278              		.loc 1 275 3 is_stmt 1 view .LVU79
 279              		.loc 1 275 16 is_stmt 0 view .LVU80
 280 000a B2F85430 		ldrh	r3, [r2, #84]
 281              	.LVL24:
 282              		.loc 1 275 16 view .LVU81
 283 000e 9BB2     		uxth	r3, r3
 284 0010 23F00103 		bic	r3, r3, #1
 285 0014 9BB2     		uxth	r3, r3
 286 0016 A2F85430 		strh	r3, [r2, #84]	@ movhi
 276:Drivers/STM32WBxx_HAL_Driver/Src/stm32wbxx_hal_pcd_ex.c ****   USBx->LPMCSR &= ~(USB_LPMCSR_LPMACK);
 287              		.loc 1 276 3 is_stmt 1 view .LVU82
 288              		.loc 1 276 16 is_stmt 0 view .LVU83
 289 001a B2F85430 		ldrh	r3, [r2, #84]
 290 001e 9BB2     		uxth	r3, r3
 291 0020 23F00203 		bic	r3, r3, #2
ARM GAS  /var/folders/r0/ydptfcq11zg26w5yg1gx1gdc0000gn/T//cckvmDJ5.s 			page 11


 292 0024 9BB2     		uxth	r3, r3
 293 0026 A2F85430 		strh	r3, [r2, #84]	@ movhi
 277:Drivers/STM32WBxx_HAL_Driver/Src/stm32wbxx_hal_pcd_ex.c **** 
 278:Drivers/STM32WBxx_HAL_Driver/Src/stm32wbxx_hal_pcd_ex.c ****   return HAL_OK;
 294              		.loc 1 278 3 is_stmt 1 view .LVU84
 279:Drivers/STM32WBxx_HAL_Driver/Src/stm32wbxx_hal_pcd_ex.c **** }
 295              		.loc 1 279 1 is_stmt 0 view .LVU85
 296 002a 7047     		bx	lr
 297              		.cfi_endproc
 298              	.LFE1109:
 300              		.section	.text.HAL_PCDEx_LPM_Callback,"ax",%progbits
 301              		.align	1
 302              		.weak	HAL_PCDEx_LPM_Callback
 303              		.syntax unified
 304              		.thumb
 305              		.thumb_func
 307              	HAL_PCDEx_LPM_Callback:
 308              	.LVL25:
 309              	.LFB1110:
 280:Drivers/STM32WBxx_HAL_Driver/Src/stm32wbxx_hal_pcd_ex.c **** 
 281:Drivers/STM32WBxx_HAL_Driver/Src/stm32wbxx_hal_pcd_ex.c **** 
 282:Drivers/STM32WBxx_HAL_Driver/Src/stm32wbxx_hal_pcd_ex.c **** 
 283:Drivers/STM32WBxx_HAL_Driver/Src/stm32wbxx_hal_pcd_ex.c **** /**
 284:Drivers/STM32WBxx_HAL_Driver/Src/stm32wbxx_hal_pcd_ex.c ****   * @brief  Send LPM message to user layer callback.
 285:Drivers/STM32WBxx_HAL_Driver/Src/stm32wbxx_hal_pcd_ex.c ****   * @param  hpcd PCD handle
 286:Drivers/STM32WBxx_HAL_Driver/Src/stm32wbxx_hal_pcd_ex.c ****   * @param  msg LPM message
 287:Drivers/STM32WBxx_HAL_Driver/Src/stm32wbxx_hal_pcd_ex.c ****   * @retval HAL status
 288:Drivers/STM32WBxx_HAL_Driver/Src/stm32wbxx_hal_pcd_ex.c ****   */
 289:Drivers/STM32WBxx_HAL_Driver/Src/stm32wbxx_hal_pcd_ex.c **** __weak void HAL_PCDEx_LPM_Callback(PCD_HandleTypeDef *hpcd, PCD_LPM_MsgTypeDef msg)
 290:Drivers/STM32WBxx_HAL_Driver/Src/stm32wbxx_hal_pcd_ex.c **** {
 310              		.loc 1 290 1 is_stmt 1 view -0
 311              		.cfi_startproc
 312              		@ args = 0, pretend = 0, frame = 0
 313              		@ frame_needed = 0, uses_anonymous_args = 0
 314              		@ link register save eliminated.
 291:Drivers/STM32WBxx_HAL_Driver/Src/stm32wbxx_hal_pcd_ex.c ****   /* Prevent unused argument(s) compilation warning */
 292:Drivers/STM32WBxx_HAL_Driver/Src/stm32wbxx_hal_pcd_ex.c ****   UNUSED(hpcd);
 315              		.loc 1 292 3 view .LVU87
 293:Drivers/STM32WBxx_HAL_Driver/Src/stm32wbxx_hal_pcd_ex.c ****   UNUSED(msg);
 316              		.loc 1 293 3 view .LVU88
 294:Drivers/STM32WBxx_HAL_Driver/Src/stm32wbxx_hal_pcd_ex.c **** 
 295:Drivers/STM32WBxx_HAL_Driver/Src/stm32wbxx_hal_pcd_ex.c ****   /* NOTE : This function should not be modified, when the callback is needed,
 296:Drivers/STM32WBxx_HAL_Driver/Src/stm32wbxx_hal_pcd_ex.c ****             the HAL_PCDEx_LPM_Callback could be implemented in the user file
 297:Drivers/STM32WBxx_HAL_Driver/Src/stm32wbxx_hal_pcd_ex.c ****    */
 298:Drivers/STM32WBxx_HAL_Driver/Src/stm32wbxx_hal_pcd_ex.c **** }
 317              		.loc 1 298 1 is_stmt 0 view .LVU89
 318 0000 7047     		bx	lr
 319              		.cfi_endproc
 320              	.LFE1110:
 322              		.section	.text.HAL_PCDEx_BCD_Callback,"ax",%progbits
 323              		.align	1
 324              		.weak	HAL_PCDEx_BCD_Callback
 325              		.syntax unified
 326              		.thumb
 327              		.thumb_func
 329              	HAL_PCDEx_BCD_Callback:
 330              	.LVL26:
ARM GAS  /var/folders/r0/ydptfcq11zg26w5yg1gx1gdc0000gn/T//cckvmDJ5.s 			page 12


 331              	.LFB1111:
 299:Drivers/STM32WBxx_HAL_Driver/Src/stm32wbxx_hal_pcd_ex.c **** 
 300:Drivers/STM32WBxx_HAL_Driver/Src/stm32wbxx_hal_pcd_ex.c **** /**
 301:Drivers/STM32WBxx_HAL_Driver/Src/stm32wbxx_hal_pcd_ex.c ****   * @brief  Send BatteryCharging message to user layer callback.
 302:Drivers/STM32WBxx_HAL_Driver/Src/stm32wbxx_hal_pcd_ex.c ****   * @param  hpcd PCD handle
 303:Drivers/STM32WBxx_HAL_Driver/Src/stm32wbxx_hal_pcd_ex.c ****   * @param  msg LPM message
 304:Drivers/STM32WBxx_HAL_Driver/Src/stm32wbxx_hal_pcd_ex.c ****   * @retval HAL status
 305:Drivers/STM32WBxx_HAL_Driver/Src/stm32wbxx_hal_pcd_ex.c ****   */
 306:Drivers/STM32WBxx_HAL_Driver/Src/stm32wbxx_hal_pcd_ex.c **** __weak void HAL_PCDEx_BCD_Callback(PCD_HandleTypeDef *hpcd, PCD_BCD_MsgTypeDef msg)
 307:Drivers/STM32WBxx_HAL_Driver/Src/stm32wbxx_hal_pcd_ex.c **** {
 332              		.loc 1 307 1 is_stmt 1 view -0
 333              		.cfi_startproc
 334              		@ args = 0, pretend = 0, frame = 0
 335              		@ frame_needed = 0, uses_anonymous_args = 0
 336              		@ link register save eliminated.
 308:Drivers/STM32WBxx_HAL_Driver/Src/stm32wbxx_hal_pcd_ex.c ****   /* Prevent unused argument(s) compilation warning */
 309:Drivers/STM32WBxx_HAL_Driver/Src/stm32wbxx_hal_pcd_ex.c ****   UNUSED(hpcd);
 337              		.loc 1 309 3 view .LVU91
 310:Drivers/STM32WBxx_HAL_Driver/Src/stm32wbxx_hal_pcd_ex.c ****   UNUSED(msg);
 338              		.loc 1 310 3 view .LVU92
 311:Drivers/STM32WBxx_HAL_Driver/Src/stm32wbxx_hal_pcd_ex.c **** 
 312:Drivers/STM32WBxx_HAL_Driver/Src/stm32wbxx_hal_pcd_ex.c ****   /* NOTE : This function should not be modified, when the callback is needed,
 313:Drivers/STM32WBxx_HAL_Driver/Src/stm32wbxx_hal_pcd_ex.c ****             the HAL_PCDEx_BCD_Callback could be implemented in the user file
 314:Drivers/STM32WBxx_HAL_Driver/Src/stm32wbxx_hal_pcd_ex.c ****    */
 315:Drivers/STM32WBxx_HAL_Driver/Src/stm32wbxx_hal_pcd_ex.c **** }
 339              		.loc 1 315 1 is_stmt 0 view .LVU93
 340 0000 7047     		bx	lr
 341              		.cfi_endproc
 342              	.LFE1111:
 344              		.section	.text.HAL_PCDEx_BCD_VBUSDetect,"ax",%progbits
 345              		.align	1
 346              		.global	HAL_PCDEx_BCD_VBUSDetect
 347              		.syntax unified
 348              		.thumb
 349              		.thumb_func
 351              	HAL_PCDEx_BCD_VBUSDetect:
 352              	.LVL27:
 353              	.LFB1107:
 160:Drivers/STM32WBxx_HAL_Driver/Src/stm32wbxx_hal_pcd_ex.c ****   USB_TypeDef *USBx = hpcd->Instance;
 354              		.loc 1 160 1 is_stmt 1 view -0
 355              		.cfi_startproc
 356              		@ args = 0, pretend = 0, frame = 0
 357              		@ frame_needed = 0, uses_anonymous_args = 0
 160:Drivers/STM32WBxx_HAL_Driver/Src/stm32wbxx_hal_pcd_ex.c ****   USB_TypeDef *USBx = hpcd->Instance;
 358              		.loc 1 160 1 is_stmt 0 view .LVU95
 359 0000 70B5     		push	{r4, r5, r6, lr}
 360              		.cfi_def_cfa_offset 16
 361              		.cfi_offset 4, -16
 362              		.cfi_offset 5, -12
 363              		.cfi_offset 6, -8
 364              		.cfi_offset 14, -4
 365 0002 0546     		mov	r5, r0
 161:Drivers/STM32WBxx_HAL_Driver/Src/stm32wbxx_hal_pcd_ex.c ****   uint32_t tickstart = HAL_GetTick();
 366              		.loc 1 161 3 is_stmt 1 view .LVU96
 161:Drivers/STM32WBxx_HAL_Driver/Src/stm32wbxx_hal_pcd_ex.c ****   uint32_t tickstart = HAL_GetTick();
 367              		.loc 1 161 16 is_stmt 0 view .LVU97
 368 0004 0468     		ldr	r4, [r0]
ARM GAS  /var/folders/r0/ydptfcq11zg26w5yg1gx1gdc0000gn/T//cckvmDJ5.s 			page 13


 369              	.LVL28:
 162:Drivers/STM32WBxx_HAL_Driver/Src/stm32wbxx_hal_pcd_ex.c **** 
 370              		.loc 1 162 3 is_stmt 1 view .LVU98
 162:Drivers/STM32WBxx_HAL_Driver/Src/stm32wbxx_hal_pcd_ex.c **** 
 371              		.loc 1 162 24 is_stmt 0 view .LVU99
 372 0006 FFF7FEFF 		bl	HAL_GetTick
 373              	.LVL29:
 162:Drivers/STM32WBxx_HAL_Driver/Src/stm32wbxx_hal_pcd_ex.c **** 
 374              		.loc 1 162 24 view .LVU100
 375 000a 0646     		mov	r6, r0
 376              	.LVL30:
 165:Drivers/STM32WBxx_HAL_Driver/Src/stm32wbxx_hal_pcd_ex.c **** 
 377              		.loc 1 165 3 is_stmt 1 view .LVU101
 378 000c 4FF49670 		mov	r0, #300
 379              	.LVL31:
 165:Drivers/STM32WBxx_HAL_Driver/Src/stm32wbxx_hal_pcd_ex.c **** 
 380              		.loc 1 165 3 is_stmt 0 view .LVU102
 381 0010 FFF7FEFF 		bl	HAL_Delay
 382              	.LVL32:
 168:Drivers/STM32WBxx_HAL_Driver/Src/stm32wbxx_hal_pcd_ex.c ****   {
 383              		.loc 1 168 3 is_stmt 1 view .LVU103
 168:Drivers/STM32WBxx_HAL_Driver/Src/stm32wbxx_hal_pcd_ex.c ****   {
 384              		.loc 1 168 12 is_stmt 0 view .LVU104
 385 0014 B4F85830 		ldrh	r3, [r4, #88]
 168:Drivers/STM32WBxx_HAL_Driver/Src/stm32wbxx_hal_pcd_ex.c ****   {
 386              		.loc 1 168 6 view .LVU105
 387 0018 13F0100F 		tst	r3, #16
 388 001c 38D1     		bne	.L20
 389              	.L13:
 178:Drivers/STM32WBxx_HAL_Driver/Src/stm32wbxx_hal_pcd_ex.c ****   HAL_Delay(50U);
 390              		.loc 1 178 3 is_stmt 1 view .LVU106
 178:Drivers/STM32WBxx_HAL_Driver/Src/stm32wbxx_hal_pcd_ex.c ****   HAL_Delay(50U);
 391              		.loc 1 178 14 is_stmt 0 view .LVU107
 392 001e B4F85830 		ldrh	r3, [r4, #88]
 393 0022 9BB2     		uxth	r3, r3
 394 0024 23F00203 		bic	r3, r3, #2
 395 0028 9BB2     		uxth	r3, r3
 396 002a A4F85830 		strh	r3, [r4, #88]	@ movhi
 179:Drivers/STM32WBxx_HAL_Driver/Src/stm32wbxx_hal_pcd_ex.c ****   USBx->BCDR |= (USB_BCDR_PDEN);
 397              		.loc 1 179 3 is_stmt 1 view .LVU108
 398 002e 3220     		movs	r0, #50
 399 0030 FFF7FEFF 		bl	HAL_Delay
 400              	.LVL33:
 180:Drivers/STM32WBxx_HAL_Driver/Src/stm32wbxx_hal_pcd_ex.c ****   HAL_Delay(50U);
 401              		.loc 1 180 3 view .LVU109
 180:Drivers/STM32WBxx_HAL_Driver/Src/stm32wbxx_hal_pcd_ex.c ****   HAL_Delay(50U);
 402              		.loc 1 180 14 is_stmt 0 view .LVU110
 403 0034 B4F85830 		ldrh	r3, [r4, #88]
 404 0038 9BB2     		uxth	r3, r3
 405 003a 43F00403 		orr	r3, r3, #4
 406 003e A4F85830 		strh	r3, [r4, #88]	@ movhi
 181:Drivers/STM32WBxx_HAL_Driver/Src/stm32wbxx_hal_pcd_ex.c **** 
 407              		.loc 1 181 3 is_stmt 1 view .LVU111
 408 0042 3220     		movs	r0, #50
 409 0044 FFF7FEFF 		bl	HAL_Delay
 410              	.LVL34:
 184:Drivers/STM32WBxx_HAL_Driver/Src/stm32wbxx_hal_pcd_ex.c ****   {
ARM GAS  /var/folders/r0/ydptfcq11zg26w5yg1gx1gdc0000gn/T//cckvmDJ5.s 			page 14


 411              		.loc 1 184 3 view .LVU112
 184:Drivers/STM32WBxx_HAL_Driver/Src/stm32wbxx_hal_pcd_ex.c ****   {
 412              		.loc 1 184 12 is_stmt 0 view .LVU113
 413 0048 B4F85830 		ldrh	r3, [r4, #88]
 184:Drivers/STM32WBxx_HAL_Driver/Src/stm32wbxx_hal_pcd_ex.c ****   {
 414              		.loc 1 184 6 view .LVU114
 415 004c 13F0200F 		tst	r3, #32
 416 0050 28D0     		beq	.L14
 188:Drivers/STM32WBxx_HAL_Driver/Src/stm32wbxx_hal_pcd_ex.c ****     HAL_Delay(50U);
 417              		.loc 1 188 5 is_stmt 1 view .LVU115
 188:Drivers/STM32WBxx_HAL_Driver/Src/stm32wbxx_hal_pcd_ex.c ****     HAL_Delay(50U);
 418              		.loc 1 188 16 is_stmt 0 view .LVU116
 419 0052 B4F85830 		ldrh	r3, [r4, #88]
 420 0056 9BB2     		uxth	r3, r3
 421 0058 23F00403 		bic	r3, r3, #4
 422 005c 9BB2     		uxth	r3, r3
 423 005e A4F85830 		strh	r3, [r4, #88]	@ movhi
 189:Drivers/STM32WBxx_HAL_Driver/Src/stm32wbxx_hal_pcd_ex.c ****     USBx->BCDR |= (USB_BCDR_SDEN);
 424              		.loc 1 189 5 is_stmt 1 view .LVU117
 425 0062 3220     		movs	r0, #50
 426 0064 FFF7FEFF 		bl	HAL_Delay
 427              	.LVL35:
 190:Drivers/STM32WBxx_HAL_Driver/Src/stm32wbxx_hal_pcd_ex.c ****     HAL_Delay(50U);
 428              		.loc 1 190 5 view .LVU118
 190:Drivers/STM32WBxx_HAL_Driver/Src/stm32wbxx_hal_pcd_ex.c ****     HAL_Delay(50U);
 429              		.loc 1 190 16 is_stmt 0 view .LVU119
 430 0068 B4F85830 		ldrh	r3, [r4, #88]
 431 006c 9BB2     		uxth	r3, r3
 432 006e 43F00803 		orr	r3, r3, #8
 433 0072 A4F85830 		strh	r3, [r4, #88]	@ movhi
 191:Drivers/STM32WBxx_HAL_Driver/Src/stm32wbxx_hal_pcd_ex.c **** 
 434              		.loc 1 191 5 is_stmt 1 view .LVU120
 435 0076 3220     		movs	r0, #50
 436 0078 FFF7FEFF 		bl	HAL_Delay
 437              	.LVL36:
 194:Drivers/STM32WBxx_HAL_Driver/Src/stm32wbxx_hal_pcd_ex.c ****     {
 438              		.loc 1 194 5 view .LVU121
 194:Drivers/STM32WBxx_HAL_Driver/Src/stm32wbxx_hal_pcd_ex.c ****     {
 439              		.loc 1 194 14 is_stmt 0 view .LVU122
 440 007c B4F85830 		ldrh	r3, [r4, #88]
 194:Drivers/STM32WBxx_HAL_Driver/Src/stm32wbxx_hal_pcd_ex.c ****     {
 441              		.loc 1 194 8 view .LVU123
 442 0080 13F0400F 		tst	r3, #64
 443 0084 09D0     		beq	.L15
 200:Drivers/STM32WBxx_HAL_Driver/Src/stm32wbxx_hal_pcd_ex.c **** #endif /* USE_HAL_PCD_REGISTER_CALLBACKS */
 444              		.loc 1 200 7 is_stmt 1 view .LVU124
 445 0086 FB21     		movs	r1, #251
 446 0088 2846     		mov	r0, r5
 447 008a FFF7FEFF 		bl	HAL_PCDEx_BCD_Callback
 448              	.LVL37:
 449 008e 0DE0     		b	.L16
 450              	.L20:
 173:Drivers/STM32WBxx_HAL_Driver/Src/stm32wbxx_hal_pcd_ex.c **** #endif /* USE_HAL_PCD_REGISTER_CALLBACKS */
 451              		.loc 1 173 5 view .LVU125
 452 0090 FE21     		movs	r1, #254
 453 0092 2846     		mov	r0, r5
 454 0094 FFF7FEFF 		bl	HAL_PCDEx_BCD_Callback
ARM GAS  /var/folders/r0/ydptfcq11zg26w5yg1gx1gdc0000gn/T//cckvmDJ5.s 			page 15


 455              	.LVL38:
 456 0098 C1E7     		b	.L13
 457              	.L15:
 209:Drivers/STM32WBxx_HAL_Driver/Src/stm32wbxx_hal_pcd_ex.c **** #endif /* USE_HAL_PCD_REGISTER_CALLBACKS */
 458              		.loc 1 209 7 view .LVU126
 459 009a FC21     		movs	r1, #252
 460 009c 2846     		mov	r0, r5
 461 009e FFF7FEFF 		bl	HAL_PCDEx_BCD_Callback
 462              	.LVL39:
 463 00a2 03E0     		b	.L16
 464              	.L14:
 219:Drivers/STM32WBxx_HAL_Driver/Src/stm32wbxx_hal_pcd_ex.c **** #endif /* USE_HAL_PCD_REGISTER_CALLBACKS */
 465              		.loc 1 219 5 view .LVU127
 466 00a4 FD21     		movs	r1, #253
 467 00a6 2846     		mov	r0, r5
 468 00a8 FFF7FEFF 		bl	HAL_PCDEx_BCD_Callback
 469              	.LVL40:
 470              	.L16:
 224:Drivers/STM32WBxx_HAL_Driver/Src/stm32wbxx_hal_pcd_ex.c **** 
 471              		.loc 1 224 3 view .LVU128
 224:Drivers/STM32WBxx_HAL_Driver/Src/stm32wbxx_hal_pcd_ex.c **** 
 472              		.loc 1 224 9 is_stmt 0 view .LVU129
 473 00ac 2846     		mov	r0, r5
 474 00ae FFF7FEFF 		bl	HAL_PCDEx_DeActivateBCD
 475              	.LVL41:
 227:Drivers/STM32WBxx_HAL_Driver/Src/stm32wbxx_hal_pcd_ex.c ****   {
 476              		.loc 1 227 3 is_stmt 1 view .LVU130
 227:Drivers/STM32WBxx_HAL_Driver/Src/stm32wbxx_hal_pcd_ex.c ****   {
 477              		.loc 1 227 8 is_stmt 0 view .LVU131
 478 00b2 FFF7FEFF 		bl	HAL_GetTick
 479              	.LVL42:
 227:Drivers/STM32WBxx_HAL_Driver/Src/stm32wbxx_hal_pcd_ex.c ****   {
 480              		.loc 1 227 22 view .LVU132
 481 00b6 801B     		subs	r0, r0, r6
 227:Drivers/STM32WBxx_HAL_Driver/Src/stm32wbxx_hal_pcd_ex.c ****   {
 482              		.loc 1 227 6 view .LVU133
 483 00b8 B0F57A7F 		cmp	r0, #1000
 484 00bc 04D9     		bls	.L17
 232:Drivers/STM32WBxx_HAL_Driver/Src/stm32wbxx_hal_pcd_ex.c **** #endif /* USE_HAL_PCD_REGISTER_CALLBACKS */
 485              		.loc 1 232 5 is_stmt 1 view .LVU134
 486 00be FF21     		movs	r1, #255
 487 00c0 2846     		mov	r0, r5
 488 00c2 FFF7FEFF 		bl	HAL_PCDEx_BCD_Callback
 489              	.LVL43:
 490              	.L12:
 243:Drivers/STM32WBxx_HAL_Driver/Src/stm32wbxx_hal_pcd_ex.c **** 
 491              		.loc 1 243 1 is_stmt 0 view .LVU135
 492 00c6 70BD     		pop	{r4, r5, r6, pc}
 493              	.LVL44:
 494              	.L17:
 240:Drivers/STM32WBxx_HAL_Driver/Src/stm32wbxx_hal_pcd_ex.c **** #endif /* USE_HAL_PCD_REGISTER_CALLBACKS */
 495              		.loc 1 240 5 is_stmt 1 view .LVU136
 496 00c8 0021     		movs	r1, #0
 497 00ca 2846     		mov	r0, r5
 498 00cc FFF7FEFF 		bl	HAL_PCDEx_BCD_Callback
 499              	.LVL45:
 243:Drivers/STM32WBxx_HAL_Driver/Src/stm32wbxx_hal_pcd_ex.c **** 
ARM GAS  /var/folders/r0/ydptfcq11zg26w5yg1gx1gdc0000gn/T//cckvmDJ5.s 			page 16


 500              		.loc 1 243 1 is_stmt 0 view .LVU137
 501 00d0 F9E7     		b	.L12
 502              		.cfi_endproc
 503              	.LFE1107:
 505              		.text
 506              	.Letext0:
 507              		.file 2 "/Users/aeheigl/Library/Application Support/Code/User/globalStorage/bmd.stm32-for-vscode/@
 508              		.file 3 "/Users/aeheigl/Library/Application Support/Code/User/globalStorage/bmd.stm32-for-vscode/@
 509              		.file 4 "Drivers/CMSIS/Device/ST/STM32WBxx/Include/stm32wb55xx.h"
 510              		.file 5 "Drivers/STM32WBxx_HAL_Driver/Inc/stm32wbxx_hal_def.h"
 511              		.file 6 "Drivers/STM32WBxx_HAL_Driver/Inc/stm32wbxx_ll_usb.h"
 512              		.file 7 "Drivers/STM32WBxx_HAL_Driver/Inc/stm32wbxx_hal_pcd.h"
 513              		.file 8 "Drivers/STM32WBxx_HAL_Driver/Inc/stm32wbxx_hal.h"
ARM GAS  /var/folders/r0/ydptfcq11zg26w5yg1gx1gdc0000gn/T//cckvmDJ5.s 			page 17


DEFINED SYMBOLS
                            *ABS*:0000000000000000 stm32wbxx_hal_pcd_ex.c
/var/folders/r0/ydptfcq11zg26w5yg1gx1gdc0000gn/T//cckvmDJ5.s:20     .text.HAL_PCDEx_PMAConfig:0000000000000000 $t
/var/folders/r0/ydptfcq11zg26w5yg1gx1gdc0000gn/T//cckvmDJ5.s:26     .text.HAL_PCDEx_PMAConfig:0000000000000000 HAL_PCDEx_PMAConfig
/var/folders/r0/ydptfcq11zg26w5yg1gx1gdc0000gn/T//cckvmDJ5.s:101    .text.HAL_PCDEx_ActivateBCD:0000000000000000 $t
/var/folders/r0/ydptfcq11zg26w5yg1gx1gdc0000gn/T//cckvmDJ5.s:107    .text.HAL_PCDEx_ActivateBCD:0000000000000000 HAL_PCDEx_ActivateBCD
/var/folders/r0/ydptfcq11zg26w5yg1gx1gdc0000gn/T//cckvmDJ5.s:159    .text.HAL_PCDEx_DeActivateBCD:0000000000000000 $t
/var/folders/r0/ydptfcq11zg26w5yg1gx1gdc0000gn/T//cckvmDJ5.s:165    .text.HAL_PCDEx_DeActivateBCD:0000000000000000 HAL_PCDEx_DeActivateBCD
/var/folders/r0/ydptfcq11zg26w5yg1gx1gdc0000gn/T//cckvmDJ5.s:201    .text.HAL_PCDEx_ActivateLPM:0000000000000000 $t
/var/folders/r0/ydptfcq11zg26w5yg1gx1gdc0000gn/T//cckvmDJ5.s:207    .text.HAL_PCDEx_ActivateLPM:0000000000000000 HAL_PCDEx_ActivateLPM
/var/folders/r0/ydptfcq11zg26w5yg1gx1gdc0000gn/T//cckvmDJ5.s:252    .text.HAL_PCDEx_DeActivateLPM:0000000000000000 $t
/var/folders/r0/ydptfcq11zg26w5yg1gx1gdc0000gn/T//cckvmDJ5.s:258    .text.HAL_PCDEx_DeActivateLPM:0000000000000000 HAL_PCDEx_DeActivateLPM
/var/folders/r0/ydptfcq11zg26w5yg1gx1gdc0000gn/T//cckvmDJ5.s:301    .text.HAL_PCDEx_LPM_Callback:0000000000000000 $t
/var/folders/r0/ydptfcq11zg26w5yg1gx1gdc0000gn/T//cckvmDJ5.s:307    .text.HAL_PCDEx_LPM_Callback:0000000000000000 HAL_PCDEx_LPM_Callback
/var/folders/r0/ydptfcq11zg26w5yg1gx1gdc0000gn/T//cckvmDJ5.s:323    .text.HAL_PCDEx_BCD_Callback:0000000000000000 $t
/var/folders/r0/ydptfcq11zg26w5yg1gx1gdc0000gn/T//cckvmDJ5.s:329    .text.HAL_PCDEx_BCD_Callback:0000000000000000 HAL_PCDEx_BCD_Callback
/var/folders/r0/ydptfcq11zg26w5yg1gx1gdc0000gn/T//cckvmDJ5.s:345    .text.HAL_PCDEx_BCD_VBUSDetect:0000000000000000 $t
/var/folders/r0/ydptfcq11zg26w5yg1gx1gdc0000gn/T//cckvmDJ5.s:351    .text.HAL_PCDEx_BCD_VBUSDetect:0000000000000000 HAL_PCDEx_BCD_VBUSDetect

UNDEFINED SYMBOLS
HAL_GetTick
HAL_Delay
